2025-10-24 10:07:11,445 [Worker-6: Loading available Gradle versions] INFO  o.e.b.c.i.u.g.PublishedGradleVersions - Gradle version information cache is not available. Remote download required.
2025-10-24 10:53:47,884 [Worker-0: Loading available Gradle versions] INFO  o.e.b.c.i.u.g.PublishedGradleVersions - Gradle version information cache is up-to-date. Trying to read.
2025-10-25 11:48:33,542 [Worker-4: Loading available Gradle versions] INFO  o.e.b.c.i.u.g.PublishedGradleVersions - Gradle version information cache is out-of-date. Trying to update.
2025-10-30 15:33:27,299 [Worker-7: Loading available Gradle versions] INFO  o.e.b.c.i.u.g.PublishedGradleVersions - Gradle version information cache is out-of-date. Trying to update.
2025-10-31 12:08:40,908 [Worker-6: Loading available Gradle versions] INFO  o.e.b.c.i.u.g.PublishedGradleVersions - Gradle version information cache is up-to-date. Trying to read.
2025-11-01 11:33:40,679 [Worker-6: Loading available Gradle versions] INFO  o.e.b.c.i.u.g.PublishedGradleVersions - Gradle version information cache is out-of-date. Trying to update.
2025-11-06 10:47:22,278 [Worker-4: Loading available Gradle versions] INFO  o.e.b.c.i.u.g.PublishedGradleVersions - Gradle version information cache is out-of-date. Trying to update.
2025-11-07 10:12:08,155 [Worker-7: Loading available Gradle versions] INFO  o.e.b.c.i.u.g.PublishedGradleVersions - Gradle version information cache is up-to-date. Trying to read.
2025-11-07 11:27:33,070 [Worker-7: Creating project "BankingTrainingApp"] INFO  o.e.m.c.i.e.AbstractTransferListenerAdapter - Downloading https://repo.maven.apache.org/maven2/org/apache/maven/plugins/maven-install-plugin/3.1.1/maven-install-plugin-3.1.1.jar
2025-11-07 11:27:33,533 [Worker-7: Creating project "BankingTrainingApp"] INFO  o.e.m.c.i.e.AbstractTransferListenerAdapter - Downloaded https://repo.maven.apache.org/maven2/org/apache/maven/plugins/maven-install-plugin/3.1.1/maven-install-plugin-3.1.1.jar
2025-11-07 11:27:33,847 [Worker-7: Creating project "BankingTrainingApp"] INFO  o.e.m.c.i.e.AbstractTransferListenerAdapter - Downloading https://repo.maven.apache.org/maven2/org/apache/maven/plugins/maven-deploy-plugin/3.1.1/maven-deploy-plugin-3.1.1.jar
2025-11-07 11:27:34,319 [Worker-7: Creating project "BankingTrainingApp"] INFO  o.e.m.c.i.e.AbstractTransferListenerAdapter - Downloaded https://repo.maven.apache.org/maven2/org/apache/maven/plugins/maven-deploy-plugin/3.1.1/maven-deploy-plugin-3.1.1.jar
2025-11-07 11:27:37,090 [Worker-7: Creating project "BankingTrainingApp"] INFO  o.e.m.c.i.l.LifecycleMappingFactory - Using org.eclipse.m2e.jdt.JarLifecycleMapping lifecycle mapping for MavenProject: com.app:BankingTrainingApp:0.0.1-SNAPSHOT @ C:\Users\Chandu Gurram\eclipse-workspace\BankingTrainingApp\pom.xml.
2025-11-07 11:27:37,423 [Worker-7: Creating project "BankingTrainingApp"] INFO  o.e.m.c.i.e.AbstractTransferListenerAdapter - Downloading https://repo.maven.apache.org/maven2/org/apache/maven/plugins/maven-surefire-plugin/3.2.5/maven-surefire-plugin-3.2.5.pom
2025-11-07 11:27:37,476 [Worker-7: Creating project "BankingTrainingApp"] INFO  o.e.m.c.i.e.AbstractTransferListenerAdapter - Downloaded https://repo.maven.apache.org/maven2/org/apache/maven/plugins/maven-surefire-plugin/3.2.5/maven-surefire-plugin-3.2.5.pom
2025-11-07 11:27:37,564 [Worker-7: Creating project "BankingTrainingApp"] INFO  o.e.m.c.i.e.AbstractTransferListenerAdapter - Downloading https://repo.maven.apache.org/maven2/org/apache/maven/surefire/surefire/3.2.5/surefire-3.2.5.pom
2025-11-07 11:27:37,624 [Worker-7: Creating project "BankingTrainingApp"] INFO  o.e.m.c.i.e.AbstractTransferListenerAdapter - Downloaded https://repo.maven.apache.org/maven2/org/apache/maven/surefire/surefire/3.2.5/surefire-3.2.5.pom
2025-11-07 11:27:37,740 [Worker-7: Creating project "BankingTrainingApp"] INFO  o.e.m.c.i.e.AbstractTransferListenerAdapter - Downloading https://repo.maven.apache.org/maven2/org/apache/maven/plugins/maven-jar-plugin/3.4.1/maven-jar-plugin-3.4.1.pom
2025-11-07 11:27:37,791 [Worker-7: Creating project "BankingTrainingApp"] INFO  o.e.m.c.i.e.AbstractTransferListenerAdapter - Downloaded https://repo.maven.apache.org/maven2/org/apache/maven/plugins/maven-jar-plugin/3.4.1/maven-jar-plugin-3.4.1.pom
2025-11-07 11:27:37,887 [Worker-7: Creating project "BankingTrainingApp"] INFO  o.e.m.c.i.e.AbstractTransferListenerAdapter - Downloading https://repo.maven.apache.org/maven2/org/apache/maven/plugins/maven-plugins/42/maven-plugins-42.pom
2025-11-07 11:27:37,932 [Worker-7: Creating project "BankingTrainingApp"] INFO  o.e.m.c.i.e.AbstractTransferListenerAdapter - Downloaded https://repo.maven.apache.org/maven2/org/apache/maven/plugins/maven-plugins/42/maven-plugins-42.pom
2025-11-07 11:27:38,000 [Worker-7: Creating project "BankingTrainingApp"] INFO  o.e.m.c.i.e.AbstractTransferListenerAdapter - Downloading https://repo.maven.apache.org/maven2/org/apache/maven/maven-parent/42/maven-parent-42.pom
2025-11-07 11:27:38,053 [Worker-7: Creating project "BankingTrainingApp"] INFO  o.e.m.c.i.e.AbstractTransferListenerAdapter - Downloaded https://repo.maven.apache.org/maven2/org/apache/maven/maven-parent/42/maven-parent-42.pom
2025-11-07 11:27:38,217 [Worker-7: Creating project "BankingTrainingApp"] INFO  o.e.m.c.i.e.AbstractTransferListenerAdapter - Downloading https://repo.maven.apache.org/maven2/org/apache/apache/32/apache-32.pom
2025-11-07 11:27:38,262 [Worker-7: Creating project "BankingTrainingApp"] INFO  o.e.m.c.i.e.AbstractTransferListenerAdapter - Downloaded https://repo.maven.apache.org/maven2/org/apache/apache/32/apache-32.pom
2025-11-07 11:27:38,407 [Worker-7: Creating project "BankingTrainingApp"] INFO  o.e.m.c.i.e.AbstractTransferListenerAdapter - Downloading https://repo.maven.apache.org/maven2/org/apache/maven/shared/file-management/3.1.0/file-management-3.1.0.pom
2025-11-07 11:27:38,446 [Worker-7: Creating project "BankingTrainingApp"] INFO  o.e.m.c.i.e.AbstractTransferListenerAdapter - Downloaded https://repo.maven.apache.org/maven2/org/apache/maven/shared/file-management/3.1.0/file-management-3.1.0.pom
2025-11-07 11:27:38,519 [Worker-7: Creating project "BankingTrainingApp"] INFO  o.e.m.c.i.e.AbstractTransferListenerAdapter - Downloading https://repo.maven.apache.org/maven2/org/apache/maven/shared/maven-shared-components/36/maven-shared-components-36.pom
2025-11-07 11:27:38,563 [Worker-7: Creating project "BankingTrainingApp"] INFO  o.e.m.c.i.e.AbstractTransferListenerAdapter - Downloaded https://repo.maven.apache.org/maven2/org/apache/maven/shared/maven-shared-components/36/maven-shared-components-36.pom
2025-11-07 11:27:38,636 [Worker-7: Creating project "BankingTrainingApp"] INFO  o.e.m.c.i.e.AbstractTransferListenerAdapter - Downloading https://repo.maven.apache.org/maven2/org/apache/maven/maven-parent/36/maven-parent-36.pom
2025-11-07 11:27:38,684 [Worker-7: Creating project "BankingTrainingApp"] INFO  o.e.m.c.i.e.AbstractTransferListenerAdapter - Downloaded https://repo.maven.apache.org/maven2/org/apache/maven/maven-parent/36/maven-parent-36.pom
2025-11-07 11:27:38,777 [Worker-7: Creating project "BankingTrainingApp"] INFO  o.e.m.c.i.e.AbstractTransferListenerAdapter - Downloading https://repo.maven.apache.org/maven2/org/apache/apache/26/apache-26.pom
2025-11-07 11:27:38,824 [Worker-7: Creating project "BankingTrainingApp"] INFO  o.e.m.c.i.e.AbstractTransferListenerAdapter - Downloaded https://repo.maven.apache.org/maven2/org/apache/apache/26/apache-26.pom
2025-11-07 11:27:38,923 [Worker-7: Creating project "BankingTrainingApp"] INFO  o.e.m.c.i.e.AbstractTransferListenerAdapter - Downloading https://repo.maven.apache.org/maven2/org/codehaus/plexus/plexus-utils/4.0.1/plexus-utils-4.0.1.pom
2025-11-07 11:27:38,965 [Worker-7: Creating project "BankingTrainingApp"] INFO  o.e.m.c.i.e.AbstractTransferListenerAdapter - Downloaded https://repo.maven.apache.org/maven2/org/codehaus/plexus/plexus-utils/4.0.1/plexus-utils-4.0.1.pom
2025-11-07 11:27:39,043 [Worker-7: Creating project "BankingTrainingApp"] INFO  o.e.m.c.i.e.AbstractTransferListenerAdapter - Downloading https://repo.maven.apache.org/maven2/commons-io/commons-io/2.16.1/commons-io-2.16.1.pom
2025-11-07 11:27:39,097 [Worker-7: Creating project "BankingTrainingApp"] INFO  o.e.m.c.i.e.AbstractTransferListenerAdapter - Downloaded https://repo.maven.apache.org/maven2/commons-io/commons-io/2.16.1/commons-io-2.16.1.pom
2025-11-07 11:27:39,189 [Worker-7: Creating project "BankingTrainingApp"] INFO  o.e.m.c.i.e.AbstractTransferListenerAdapter - Downloading https://repo.maven.apache.org/maven2/org/apache/commons/commons-parent/69/commons-parent-69.pom
2025-11-07 11:27:39,253 [Worker-7: Creating project "BankingTrainingApp"] INFO  o.e.m.c.i.e.AbstractTransferListenerAdapter - Downloaded https://repo.maven.apache.org/maven2/org/apache/commons/commons-parent/69/commons-parent-69.pom
2025-11-07 11:27:39,369 [Worker-7: Creating project "BankingTrainingApp"] INFO  o.e.m.c.i.e.AbstractTransferListenerAdapter - Downloading https://repo.maven.apache.org/maven2/org/apache/maven/maven-archiver/3.6.2/maven-archiver-3.6.2.pom
2025-11-07 11:27:39,421 [Worker-7: Creating project "BankingTrainingApp"] INFO  o.e.m.c.i.e.AbstractTransferListenerAdapter - Downloaded https://repo.maven.apache.org/maven2/org/apache/maven/maven-archiver/3.6.2/maven-archiver-3.6.2.pom
2025-11-07 11:27:39,505 [Worker-7: Creating project "BankingTrainingApp"] INFO  o.e.m.c.i.e.AbstractTransferListenerAdapter - Downloading https://repo.maven.apache.org/maven2/org/apache/maven/shared/maven-shared-components/41/maven-shared-components-41.pom
2025-11-07 11:27:39,560 [Worker-7: Creating project "BankingTrainingApp"] INFO  o.e.m.c.i.e.AbstractTransferListenerAdapter - Downloaded https://repo.maven.apache.org/maven2/org/apache/maven/shared/maven-shared-components/41/maven-shared-components-41.pom
2025-11-07 11:27:39,629 [Worker-7: Creating project "BankingTrainingApp"] INFO  o.e.m.c.i.e.AbstractTransferListenerAdapter - Downloading https://repo.maven.apache.org/maven2/org/codehaus/plexus/plexus-archiver/4.9.2/plexus-archiver-4.9.2.pom
2025-11-07 11:27:39,675 [Worker-7: Creating project "BankingTrainingApp"] INFO  o.e.m.c.i.e.AbstractTransferListenerAdapter - Downloaded https://repo.maven.apache.org/maven2/org/codehaus/plexus/plexus-archiver/4.9.2/plexus-archiver-4.9.2.pom
2025-11-07 11:27:39,750 [Worker-7: Creating project "BankingTrainingApp"] INFO  o.e.m.c.i.e.AbstractTransferListenerAdapter - Downloading https://repo.maven.apache.org/maven2/org/codehaus/plexus/plexus-io/3.4.2/plexus-io-3.4.2.pom
2025-11-07 11:27:39,796 [Worker-7: Creating project "BankingTrainingApp"] INFO  o.e.m.c.i.e.AbstractTransferListenerAdapter - Downloaded https://repo.maven.apache.org/maven2/org/codehaus/plexus/plexus-io/3.4.2/plexus-io-3.4.2.pom
2025-11-07 11:27:39,874 [Worker-7: Creating project "BankingTrainingApp"] INFO  o.e.m.c.i.e.AbstractTransferListenerAdapter - Downloading https://repo.maven.apache.org/maven2/org/codehaus/plexus/plexus/16/plexus-16.pom
2025-11-07 11:27:39,921 [Worker-7: Creating project "BankingTrainingApp"] INFO  o.e.m.c.i.e.AbstractTransferListenerAdapter - Downloaded https://repo.maven.apache.org/maven2/org/codehaus/plexus/plexus/16/plexus-16.pom
2025-11-07 11:27:39,994 [Worker-7: Creating project "BankingTrainingApp"] INFO  o.e.m.c.i.e.AbstractTransferListenerAdapter - Downloading https://repo.maven.apache.org/maven2/org/junit/junit-bom/5.10.1/junit-bom-5.10.1.pom
2025-11-07 11:27:40,035 [Worker-7: Creating project "BankingTrainingApp"] INFO  o.e.m.c.i.e.AbstractTransferListenerAdapter - Downloaded https://repo.maven.apache.org/maven2/org/junit/junit-bom/5.10.1/junit-bom-5.10.1.pom
2025-11-07 11:27:40,104 [Worker-7: Creating project "BankingTrainingApp"] INFO  o.e.m.c.i.e.AbstractTransferListenerAdapter - Downloading https://repo.maven.apache.org/maven2/org/apache/commons/commons-compress/1.26.1/commons-compress-1.26.1.pom
2025-11-07 11:27:40,158 [Worker-7: Creating project "BankingTrainingApp"] INFO  o.e.m.c.i.e.AbstractTransferListenerAdapter - Downloaded https://repo.maven.apache.org/maven2/org/apache/commons/commons-compress/1.26.1/commons-compress-1.26.1.pom
2025-11-07 11:27:40,242 [Worker-7: Creating project "BankingTrainingApp"] INFO  o.e.m.c.i.e.AbstractTransferListenerAdapter - Downloading https://repo.maven.apache.org/maven2/org/apache/commons/commons-parent/66/commons-parent-66.pom
2025-11-07 11:27:40,282 [Worker-7: Creating project "BankingTrainingApp"] INFO  o.e.m.c.i.e.AbstractTransferListenerAdapter - Downloaded https://repo.maven.apache.org/maven2/org/apache/commons/commons-parent/66/commons-parent-66.pom
2025-11-07 11:27:40,362 [Worker-7: Creating project "BankingTrainingApp"] INFO  o.e.m.c.i.e.AbstractTransferListenerAdapter - Downloading https://repo.maven.apache.org/maven2/commons-codec/commons-codec/1.16.1/commons-codec-1.16.1.pom
2025-11-07 11:27:40,405 [Worker-7: Creating project "BankingTrainingApp"] INFO  o.e.m.c.i.e.AbstractTransferListenerAdapter - Downloaded https://repo.maven.apache.org/maven2/commons-codec/commons-codec/1.16.1/commons-codec-1.16.1.pom
2025-11-07 11:27:40,497 [Worker-7: Creating project "BankingTrainingApp"] INFO  o.e.m.c.i.e.AbstractTransferListenerAdapter - Downloading https://repo.maven.apache.org/maven2/org/apache/commons/commons-lang3/3.14.0/commons-lang3-3.14.0.pom
2025-11-07 11:27:40,550 [Worker-7: Creating project "BankingTrainingApp"] INFO  o.e.m.c.i.e.AbstractTransferListenerAdapter - Downloaded https://repo.maven.apache.org/maven2/org/apache/commons/commons-lang3/3.14.0/commons-lang3-3.14.0.pom
2025-11-07 11:27:40,639 [Worker-7: Creating project "BankingTrainingApp"] INFO  o.e.m.c.i.e.AbstractTransferListenerAdapter - Downloading https://repo.maven.apache.org/maven2/org/apache/commons/commons-parent/64/commons-parent-64.pom
2025-11-07 11:27:40,683 [Worker-7: Creating project "BankingTrainingApp"] INFO  o.e.m.c.i.e.AbstractTransferListenerAdapter - Downloaded https://repo.maven.apache.org/maven2/org/apache/commons/commons-parent/64/commons-parent-64.pom
2025-11-07 11:27:40,785 [Worker-7: Creating project "BankingTrainingApp"] INFO  o.e.m.c.i.e.AbstractTransferListenerAdapter - Downloading https://repo.maven.apache.org/maven2/org/apache/apache/30/apache-30.pom
2025-11-07 11:27:40,829 [Worker-7: Creating project "BankingTrainingApp"] INFO  o.e.m.c.i.e.AbstractTransferListenerAdapter - Downloaded https://repo.maven.apache.org/maven2/org/apache/apache/30/apache-30.pom
2025-11-07 11:27:40,914 [Worker-7: Creating project "BankingTrainingApp"] INFO  o.e.m.c.i.e.AbstractTransferListenerAdapter - Downloading https://repo.maven.apache.org/maven2/org/iq80/snappy/snappy/0.4/snappy-0.4.pom
2025-11-07 11:27:40,954 [Worker-7: Creating project "BankingTrainingApp"] INFO  o.e.m.c.i.e.AbstractTransferListenerAdapter - Downloaded https://repo.maven.apache.org/maven2/org/iq80/snappy/snappy/0.4/snappy-0.4.pom
2025-11-07 11:27:41,054 [Worker-7: Creating project "BankingTrainingApp"] INFO  o.e.m.c.i.e.AbstractTransferListenerAdapter - Downloading https://repo.maven.apache.org/maven2/org/tukaani/xz/1.9/xz-1.9.pom
2025-11-07 11:27:41,099 [Worker-7: Creating project "BankingTrainingApp"] INFO  o.e.m.c.i.e.AbstractTransferListenerAdapter - Downloaded https://repo.maven.apache.org/maven2/org/tukaani/xz/1.9/xz-1.9.pom
2025-11-07 11:27:41,165 [Worker-7: Creating project "BankingTrainingApp"] INFO  o.e.m.c.i.e.AbstractTransferListenerAdapter - Downloading https://repo.maven.apache.org/maven2/com/github/luben/zstd-jni/1.5.5-11/zstd-jni-1.5.5-11.pom
2025-11-07 11:27:41,205 [Worker-7: Creating project "BankingTrainingApp"] INFO  o.e.m.c.i.e.AbstractTransferListenerAdapter - Downloaded https://repo.maven.apache.org/maven2/com/github/luben/zstd-jni/1.5.5-11/zstd-jni-1.5.5-11.pom
2025-11-07 11:27:41,271 [Worker-7: Creating project "BankingTrainingApp"] INFO  o.e.m.c.i.e.AbstractTransferListenerAdapter - Downloading https://repo.maven.apache.org/maven2/org/codehaus/plexus/plexus-interpolation/1.27/plexus-interpolation-1.27.pom
2025-11-07 11:27:41,330 [Worker-7: Creating project "BankingTrainingApp"] INFO  o.e.m.c.i.e.AbstractTransferListenerAdapter - Downloaded https://repo.maven.apache.org/maven2/org/codehaus/plexus/plexus-interpolation/1.27/plexus-interpolation-1.27.pom
2025-11-07 11:27:41,414 [Worker-7: Creating project "BankingTrainingApp"] INFO  o.e.m.c.i.e.AbstractTransferListenerAdapter - Downloading https://repo.maven.apache.org/maven2/org/apache/maven/shared/file-management/3.1.0/file-management-3.1.0.jar
2025-11-07 11:27:41,990 [Worker-7: Creating project "BankingTrainingApp"] INFO  o.e.m.c.i.e.AbstractTransferListenerAdapter - Downloaded https://repo.maven.apache.org/maven2/org/apache/maven/shared/file-management/3.1.0/file-management-3.1.0.jar
2025-11-07 11:27:42,067 [BasicRepositoryConnector-repo.maven.apache.org-0-4] INFO  o.e.m.c.i.e.AbstractTransferListenerAdapter - Downloading https://repo.maven.apache.org/maven2/org/codehaus/plexus/plexus-archiver/4.9.2/plexus-archiver-4.9.2.jar
2025-11-07 11:27:42,095 [BasicRepositoryConnector-repo.maven.apache.org-0-1] INFO  o.e.m.c.i.e.AbstractTransferListenerAdapter - Downloading https://repo.maven.apache.org/maven2/org/apache/maven/maven-archiver/3.6.2/maven-archiver-3.6.2.jar
2025-11-07 11:27:42,115 [BasicRepositoryConnector-repo.maven.apache.org-0-3] INFO  o.e.m.c.i.e.AbstractTransferListenerAdapter - Downloading https://repo.maven.apache.org/maven2/org/codehaus/plexus/plexus-utils/4.0.1/plexus-utils-4.0.1.jar
2025-11-07 11:27:42,120 [BasicRepositoryConnector-repo.maven.apache.org-0-0] INFO  o.e.m.c.i.e.AbstractTransferListenerAdapter - Downloading https://repo.maven.apache.org/maven2/commons-io/commons-io/2.16.1/commons-io-2.16.1.jar
2025-11-07 11:27:42,135 [BasicRepositoryConnector-repo.maven.apache.org-0-2] INFO  o.e.m.c.i.e.AbstractTransferListenerAdapter - Downloading https://repo.maven.apache.org/maven2/org/codehaus/plexus/plexus-interpolation/1.27/plexus-interpolation-1.27.jar
2025-11-07 11:27:42,238 [BasicRepositoryConnector-repo.maven.apache.org-0-3] INFO  o.e.m.c.i.e.AbstractTransferListenerAdapter - Downloaded https://repo.maven.apache.org/maven2/org/codehaus/plexus/plexus-utils/4.0.1/plexus-utils-4.0.1.jar
2025-11-07 11:27:42,271 [BasicRepositoryConnector-repo.maven.apache.org-0-2] INFO  o.e.m.c.i.e.AbstractTransferListenerAdapter - Downloaded https://repo.maven.apache.org/maven2/org/codehaus/plexus/plexus-interpolation/1.27/plexus-interpolation-1.27.jar
2025-11-07 11:27:42,281 [BasicRepositoryConnector-repo.maven.apache.org-0-4] INFO  o.e.m.c.i.e.AbstractTransferListenerAdapter - Downloaded https://repo.maven.apache.org/maven2/org/codehaus/plexus/plexus-archiver/4.9.2/plexus-archiver-4.9.2.jar
2025-11-07 11:27:42,320 [BasicRepositoryConnector-repo.maven.apache.org-0-3] INFO  o.e.m.c.i.e.AbstractTransferListenerAdapter - Downloading https://repo.maven.apache.org/maven2/org/codehaus/plexus/plexus-io/3.4.2/plexus-io-3.4.2.jar
2025-11-07 11:27:42,338 [BasicRepositoryConnector-repo.maven.apache.org-0-2] INFO  o.e.m.c.i.e.AbstractTransferListenerAdapter - Downloading https://repo.maven.apache.org/maven2/org/apache/commons/commons-compress/1.26.1/commons-compress-1.26.1.jar
2025-11-07 11:27:42,345 [BasicRepositoryConnector-repo.maven.apache.org-0-4] INFO  o.e.m.c.i.e.AbstractTransferListenerAdapter - Downloading https://repo.maven.apache.org/maven2/org/apache/commons/commons-lang3/3.14.0/commons-lang3-3.14.0.jar
2025-11-07 11:27:42,399 [BasicRepositoryConnector-repo.maven.apache.org-0-3] INFO  o.e.m.c.i.e.AbstractTransferListenerAdapter - Downloaded https://repo.maven.apache.org/maven2/org/codehaus/plexus/plexus-io/3.4.2/plexus-io-3.4.2.jar
2025-11-07 11:27:42,464 [BasicRepositoryConnector-repo.maven.apache.org-0-3] INFO  o.e.m.c.i.e.AbstractTransferListenerAdapter - Downloading https://repo.maven.apache.org/maven2/commons-codec/commons-codec/1.16.1/commons-codec-1.16.1.jar
2025-11-07 11:27:42,489 [BasicRepositoryConnector-repo.maven.apache.org-0-0] INFO  o.e.m.c.i.e.AbstractTransferListenerAdapter - Downloaded https://repo.maven.apache.org/maven2/commons-io/commons-io/2.16.1/commons-io-2.16.1.jar
2025-11-07 11:27:42,518 [BasicRepositoryConnector-repo.maven.apache.org-0-2] INFO  o.e.m.c.i.e.AbstractTransferListenerAdapter - Downloaded https://repo.maven.apache.org/maven2/org/apache/commons/commons-compress/1.26.1/commons-compress-1.26.1.jar
2025-11-07 11:27:42,536 [BasicRepositoryConnector-repo.maven.apache.org-0-0] INFO  o.e.m.c.i.e.AbstractTransferListenerAdapter - Downloading https://repo.maven.apache.org/maven2/org/iq80/snappy/snappy/0.4/snappy-0.4.jar
2025-11-07 11:27:42,567 [BasicRepositoryConnector-repo.maven.apache.org-0-2] INFO  o.e.m.c.i.e.AbstractTransferListenerAdapter - Downloading https://repo.maven.apache.org/maven2/org/tukaani/xz/1.9/xz-1.9.jar
2025-11-07 11:27:42,620 [BasicRepositoryConnector-repo.maven.apache.org-0-3] INFO  o.e.m.c.i.e.AbstractTransferListenerAdapter - Downloaded https://repo.maven.apache.org/maven2/commons-codec/commons-codec/1.16.1/commons-codec-1.16.1.jar
2025-11-07 11:27:42,624 [BasicRepositoryConnector-repo.maven.apache.org-0-0] INFO  o.e.m.c.i.e.AbstractTransferListenerAdapter - Downloaded https://repo.maven.apache.org/maven2/org/iq80/snappy/snappy/0.4/snappy-0.4.jar
2025-11-07 11:27:42,663 [BasicRepositoryConnector-repo.maven.apache.org-0-2] INFO  o.e.m.c.i.e.AbstractTransferListenerAdapter - Downloaded https://repo.maven.apache.org/maven2/org/tukaani/xz/1.9/xz-1.9.jar
2025-11-07 11:27:42,673 [BasicRepositoryConnector-repo.maven.apache.org-0-3] INFO  o.e.m.c.i.e.AbstractTransferListenerAdapter - Downloading https://repo.maven.apache.org/maven2/com/github/luben/zstd-jni/1.5.5-11/zstd-jni-1.5.5-11.jar
2025-11-07 11:27:42,687 [BasicRepositoryConnector-repo.maven.apache.org-0-1] INFO  o.e.m.c.i.e.AbstractTransferListenerAdapter - Downloaded https://repo.maven.apache.org/maven2/org/apache/maven/maven-archiver/3.6.2/maven-archiver-3.6.2.jar
2025-11-07 11:27:42,807 [BasicRepositoryConnector-repo.maven.apache.org-0-4] INFO  o.e.m.c.i.e.AbstractTransferListenerAdapter - Downloaded https://repo.maven.apache.org/maven2/org/apache/commons/commons-lang3/3.14.0/commons-lang3-3.14.0.jar
2025-11-07 11:27:43,073 [BasicRepositoryConnector-repo.maven.apache.org-0-3] INFO  o.e.m.c.i.e.AbstractTransferListenerAdapter - Downloaded https://repo.maven.apache.org/maven2/com/github/luben/zstd-jni/1.5.5-11/zstd-jni-1.5.5-11.jar
2025-11-07 11:27:44,131 [Worker-7: Creating project "BankingTrainingApp"] INFO  o.e.m.j.i.AbstractJavaProjectConfigurator - Adding source folder /BankingTrainingApp/src/main/java
2025-11-07 11:27:44,136 [Worker-7: Creating project "BankingTrainingApp"] INFO  o.e.m.j.i.AbstractJavaProjectConfigurator - Adding resource folder /BankingTrainingApp/src/main/resources
2025-11-07 11:27:44,137 [Worker-7: Creating project "BankingTrainingApp"] INFO  o.e.m.j.i.AbstractJavaProjectConfigurator - Adding source folder /BankingTrainingApp/src/test/java
2025-11-07 11:27:44,139 [Worker-7: Creating project "BankingTrainingApp"] INFO  o.e.m.j.i.AbstractJavaProjectConfigurator - Adding resource folder /BankingTrainingApp/src/test/resources
2025-11-07 11:27:45,701 [Worker-20: Building] WARN  o.a.m.s.f.DefaultMavenResourcesFiltering - Using platform encoding (UTF-8 actually) to copy filtered resources, i.e. build is platform dependent!
2025-11-07 11:27:45,723 [Worker-20: Building] INFO  o.a.m.s.f.DefaultMavenResourcesFiltering - Copying 0 resource from src\main\resources to target\classes
2025-11-07 11:27:45,731 [Worker-20: Building] WARN  o.a.m.s.f.DefaultMavenResourcesFiltering - Using platform encoding (UTF-8 actually) to copy filtered resources, i.e. build is platform dependent!
2025-11-07 11:27:45,735 [Worker-20: Building] INFO  o.a.m.s.f.DefaultMavenResourcesFiltering - Copying 0 resource from src\test\resources to target\test-classes
2025-11-07 11:55:17,018 [Worker-32: Building] WARN  o.a.m.s.f.DefaultMavenResourcesFiltering - Using platform encoding (UTF-8 actually) to copy filtered resources, i.e. build is platform dependent!
2025-11-07 11:55:17,026 [Worker-32: Building] INFO  o.a.m.s.f.DefaultMavenResourcesFiltering - Copying 0 resource from src\main\resources to target\classes
2025-11-07 11:55:17,030 [Worker-32: Building] WARN  o.a.m.s.f.DefaultMavenResourcesFiltering - Using platform encoding (UTF-8 actually) to copy filtered resources, i.e. build is platform dependent!
2025-11-07 11:55:17,032 [Worker-32: Building] INFO  o.a.m.s.f.DefaultMavenResourcesFiltering - Copying 0 resource from src\test\resources to target\test-classes
2025-11-07 12:13:25,176 [Worker-29: Building] WARN  o.a.m.s.f.DefaultMavenResourcesFiltering - Using platform encoding (UTF-8 actually) to copy filtered resources, i.e. build is platform dependent!
2025-11-07 12:13:25,180 [Worker-29: Building] INFO  o.a.m.s.f.DefaultMavenResourcesFiltering - Copying 0 resource from src\main\resources to target\classes
2025-11-07 12:13:25,183 [Worker-29: Building] WARN  o.a.m.s.f.DefaultMavenResourcesFiltering - Using platform encoding (UTF-8 actually) to copy filtered resources, i.e. build is platform dependent!
2025-11-07 12:13:25,185 [Worker-29: Building] INFO  o.a.m.s.f.DefaultMavenResourcesFiltering - Copying 0 resource from src\test\resources to target\test-classes
2025-11-07 12:13:41,175 [Worker-29: Building] WARN  o.a.m.s.f.DefaultMavenResourcesFiltering - Using platform encoding (UTF-8 actually) to copy filtered resources, i.e. build is platform dependent!
2025-11-07 12:13:41,178 [Worker-29: Building] INFO  o.a.m.s.f.DefaultMavenResourcesFiltering - Copying 0 resource from src\main\resources to target\classes
2025-11-07 12:13:41,183 [Worker-29: Building] WARN  o.a.m.s.f.DefaultMavenResourcesFiltering - Using platform encoding (UTF-8 actually) to copy filtered resources, i.e. build is platform dependent!
2025-11-07 12:13:41,187 [Worker-29: Building] INFO  o.a.m.s.f.DefaultMavenResourcesFiltering - Copying 0 resource from src\test\resources to target\test-classes
2025-11-07 13:11:26,490 [Worker-35: Launching Executing test in C__Users_Chandu Gurram_eclipse-workspace_BankingTrainingApp] INFO  o.eclipse.m2e.core.internal.Bundles - getClasspathEntries(Bundle=org.eclipse.m2e.maven.runtime_3.9.700.20240602-2313 [645])
2025-11-07 13:11:26,501 [Worker-35: Launching Executing test in C__Users_Chandu Gurram_eclipse-workspace_BankingTrainingApp] INFO  o.eclipse.m2e.core.internal.Bundles - 	Entry: C:\Users\Chandu Gurram\Downloads\eclipse-jee-2024-06-R-win32-x86_64\eclipse\plugins\org.eclipse.m2e.maven.runtime_3.9.700.20240602-2313
2025-11-07 13:11:26,501 [Worker-35: Launching Executing test in C__Users_Chandu Gurram_eclipse-workspace_BankingTrainingApp] INFO  o.eclipse.m2e.core.internal.Bundles - 	Entry: C:\Users\Chandu Gurram\Downloads\eclipse-jee-2024-06-R-win32-x86_64\eclipse\plugins\org.eclipse.m2e.maven.runtime_3.9.700.20240602-2313\jars\aopalliance-1.0.jar
2025-11-07 13:11:26,501 [Worker-35: Launching Executing test in C__Users_Chandu Gurram_eclipse-workspace_BankingTrainingApp] INFO  o.eclipse.m2e.core.internal.Bundles - 	Entry: C:\Users\Chandu Gurram\Downloads\eclipse-jee-2024-06-R-win32-x86_64\eclipse\plugins\org.eclipse.m2e.maven.runtime_3.9.700.20240602-2313\jars\guice-5.1.0.jar
2025-11-07 13:11:26,502 [Worker-35: Launching Executing test in C__Users_Chandu Gurram_eclipse-workspace_BankingTrainingApp] INFO  o.eclipse.m2e.core.internal.Bundles - 	Entry: C:\Users\Chandu Gurram\Downloads\eclipse-jee-2024-06-R-win32-x86_64\eclipse\plugins\org.eclipse.m2e.maven.runtime_3.9.700.20240602-2313\jars\httpclient-4.5.14.jar
2025-11-07 13:11:26,502 [Worker-35: Launching Executing test in C__Users_Chandu Gurram_eclipse-workspace_BankingTrainingApp] INFO  o.eclipse.m2e.core.internal.Bundles - 	Entry: C:\Users\Chandu Gurram\Downloads\eclipse-jee-2024-06-R-win32-x86_64\eclipse\plugins\org.eclipse.m2e.maven.runtime_3.9.700.20240602-2313\jars\httpcore-4.4.16.jar
2025-11-07 13:11:26,503 [Worker-35: Launching Executing test in C__Users_Chandu Gurram_eclipse-workspace_BankingTrainingApp] INFO  o.eclipse.m2e.core.internal.Bundles - 	Entry: C:\Users\Chandu Gurram\Downloads\eclipse-jee-2024-06-R-win32-x86_64\eclipse\plugins\org.eclipse.m2e.maven.runtime_3.9.700.20240602-2313\jars\jansi-2.4.1.jar
2025-11-07 13:11:26,503 [Worker-35: Launching Executing test in C__Users_Chandu Gurram_eclipse-workspace_BankingTrainingApp] INFO  o.eclipse.m2e.core.internal.Bundles - 	Entry: C:\Users\Chandu Gurram\Downloads\eclipse-jee-2024-06-R-win32-x86_64\eclipse\plugins\org.eclipse.m2e.maven.runtime_3.9.700.20240602-2313\jars\jcl-over-slf4j-1.7.36.jar
2025-11-07 13:11:26,503 [Worker-35: Launching Executing test in C__Users_Chandu Gurram_eclipse-workspace_BankingTrainingApp] INFO  o.eclipse.m2e.core.internal.Bundles - 	Entry: C:\Users\Chandu Gurram\Downloads\eclipse-jee-2024-06-R-win32-x86_64\eclipse\plugins\org.eclipse.m2e.maven.runtime_3.9.700.20240602-2313\jars\maven-artifact-3.9.7.jar
2025-11-07 13:11:26,503 [Worker-35: Launching Executing test in C__Users_Chandu Gurram_eclipse-workspace_BankingTrainingApp] INFO  o.eclipse.m2e.core.internal.Bundles - 	Entry: C:\Users\Chandu Gurram\Downloads\eclipse-jee-2024-06-R-win32-x86_64\eclipse\plugins\org.eclipse.m2e.maven.runtime_3.9.700.20240602-2313\jars\maven-builder-support-3.9.7.jar
2025-11-07 13:11:26,504 [Worker-35: Launching Executing test in C__Users_Chandu Gurram_eclipse-workspace_BankingTrainingApp] INFO  o.eclipse.m2e.core.internal.Bundles - 	Entry: C:\Users\Chandu Gurram\Downloads\eclipse-jee-2024-06-R-win32-x86_64\eclipse\plugins\org.eclipse.m2e.maven.runtime_3.9.700.20240602-2313\jars\maven-compat-3.9.7.jar
2025-11-07 13:11:26,504 [Worker-35: Launching Executing test in C__Users_Chandu Gurram_eclipse-workspace_BankingTrainingApp] INFO  o.eclipse.m2e.core.internal.Bundles - 	Entry: C:\Users\Chandu Gurram\Downloads\eclipse-jee-2024-06-R-win32-x86_64\eclipse\plugins\org.eclipse.m2e.maven.runtime_3.9.700.20240602-2313\jars\maven-core-3.9.7.jar
2025-11-07 13:11:26,504 [Worker-35: Launching Executing test in C__Users_Chandu Gurram_eclipse-workspace_BankingTrainingApp] INFO  o.eclipse.m2e.core.internal.Bundles - 	Entry: C:\Users\Chandu Gurram\Downloads\eclipse-jee-2024-06-R-win32-x86_64\eclipse\plugins\org.eclipse.m2e.maven.runtime_3.9.700.20240602-2313\jars\maven-embedder-3.9.7.jar
2025-11-07 13:11:26,504 [Worker-35: Launching Executing test in C__Users_Chandu Gurram_eclipse-workspace_BankingTrainingApp] INFO  o.eclipse.m2e.core.internal.Bundles - 	Entry: C:\Users\Chandu Gurram\Downloads\eclipse-jee-2024-06-R-win32-x86_64\eclipse\plugins\org.eclipse.m2e.maven.runtime_3.9.700.20240602-2313\jars\maven-model-3.9.7.jar
2025-11-07 13:11:26,505 [Worker-35: Launching Executing test in C__Users_Chandu Gurram_eclipse-workspace_BankingTrainingApp] INFO  o.eclipse.m2e.core.internal.Bundles - 	Entry: C:\Users\Chandu Gurram\Downloads\eclipse-jee-2024-06-R-win32-x86_64\eclipse\plugins\org.eclipse.m2e.maven.runtime_3.9.700.20240602-2313\jars\maven-model-builder-3.9.7.jar
2025-11-07 13:11:26,505 [Worker-35: Launching Executing test in C__Users_Chandu Gurram_eclipse-workspace_BankingTrainingApp] INFO  o.eclipse.m2e.core.internal.Bundles - 	Entry: C:\Users\Chandu Gurram\Downloads\eclipse-jee-2024-06-R-win32-x86_64\eclipse\plugins\org.eclipse.m2e.maven.runtime_3.9.700.20240602-2313\jars\maven-plugin-api-3.9.7.jar
2025-11-07 13:11:26,505 [Worker-35: Launching Executing test in C__Users_Chandu Gurram_eclipse-workspace_BankingTrainingApp] INFO  o.eclipse.m2e.core.internal.Bundles - 	Entry: C:\Users\Chandu Gurram\Downloads\eclipse-jee-2024-06-R-win32-x86_64\eclipse\plugins\org.eclipse.m2e.maven.runtime_3.9.700.20240602-2313\jars\maven-repository-metadata-3.9.7.jar
2025-11-07 13:11:26,505 [Worker-35: Launching Executing test in C__Users_Chandu Gurram_eclipse-workspace_BankingTrainingApp] INFO  o.eclipse.m2e.core.internal.Bundles - 	Entry: C:\Users\Chandu Gurram\Downloads\eclipse-jee-2024-06-R-win32-x86_64\eclipse\plugins\org.eclipse.m2e.maven.runtime_3.9.700.20240602-2313\jars\maven-resolver-api-1.9.20.jar
2025-11-07 13:11:26,505 [Worker-35: Launching Executing test in C__Users_Chandu Gurram_eclipse-workspace_BankingTrainingApp] INFO  o.eclipse.m2e.core.internal.Bundles - 	Entry: C:\Users\Chandu Gurram\Downloads\eclipse-jee-2024-06-R-win32-x86_64\eclipse\plugins\org.eclipse.m2e.maven.runtime_3.9.700.20240602-2313\jars\maven-resolver-connector-basic-1.9.20.jar
2025-11-07 13:11:26,506 [Worker-35: Launching Executing test in C__Users_Chandu Gurram_eclipse-workspace_BankingTrainingApp] INFO  o.eclipse.m2e.core.internal.Bundles - 	Entry: C:\Users\Chandu Gurram\Downloads\eclipse-jee-2024-06-R-win32-x86_64\eclipse\plugins\org.eclipse.m2e.maven.runtime_3.9.700.20240602-2313\jars\maven-resolver-impl-1.9.20.jar
2025-11-07 13:11:26,506 [Worker-35: Launching Executing test in C__Users_Chandu Gurram_eclipse-workspace_BankingTrainingApp] INFO  o.eclipse.m2e.core.internal.Bundles - 	Entry: C:\Users\Chandu Gurram\Downloads\eclipse-jee-2024-06-R-win32-x86_64\eclipse\plugins\org.eclipse.m2e.maven.runtime_3.9.700.20240602-2313\jars\maven-resolver-named-locks-1.9.20.jar
2025-11-07 13:11:26,506 [Worker-35: Launching Executing test in C__Users_Chandu Gurram_eclipse-workspace_BankingTrainingApp] INFO  o.eclipse.m2e.core.internal.Bundles - 	Entry: C:\Users\Chandu Gurram\Downloads\eclipse-jee-2024-06-R-win32-x86_64\eclipse\plugins\org.eclipse.m2e.maven.runtime_3.9.700.20240602-2313\jars\maven-resolver-provider-3.9.7.jar
2025-11-07 13:11:26,506 [Worker-35: Launching Executing test in C__Users_Chandu Gurram_eclipse-workspace_BankingTrainingApp] INFO  o.eclipse.m2e.core.internal.Bundles - 	Entry: C:\Users\Chandu Gurram\Downloads\eclipse-jee-2024-06-R-win32-x86_64\eclipse\plugins\org.eclipse.m2e.maven.runtime_3.9.700.20240602-2313\jars\maven-resolver-spi-1.9.20.jar
2025-11-07 13:11:26,506 [Worker-35: Launching Executing test in C__Users_Chandu Gurram_eclipse-workspace_BankingTrainingApp] INFO  o.eclipse.m2e.core.internal.Bundles - 	Entry: C:\Users\Chandu Gurram\Downloads\eclipse-jee-2024-06-R-win32-x86_64\eclipse\plugins\org.eclipse.m2e.maven.runtime_3.9.700.20240602-2313\jars\maven-resolver-transport-file-1.9.20.jar
2025-11-07 13:11:26,507 [Worker-35: Launching Executing test in C__Users_Chandu Gurram_eclipse-workspace_BankingTrainingApp] INFO  o.eclipse.m2e.core.internal.Bundles - 	Entry: C:\Users\Chandu Gurram\Downloads\eclipse-jee-2024-06-R-win32-x86_64\eclipse\plugins\org.eclipse.m2e.maven.runtime_3.9.700.20240602-2313\jars\maven-resolver-transport-http-1.9.20.jar
2025-11-07 13:11:26,507 [Worker-35: Launching Executing test in C__Users_Chandu Gurram_eclipse-workspace_BankingTrainingApp] INFO  o.eclipse.m2e.core.internal.Bundles - 	Entry: C:\Users\Chandu Gurram\Downloads\eclipse-jee-2024-06-R-win32-x86_64\eclipse\plugins\org.eclipse.m2e.maven.runtime_3.9.700.20240602-2313\jars\maven-resolver-transport-wagon-1.9.20.jar
2025-11-07 13:11:26,507 [Worker-35: Launching Executing test in C__Users_Chandu Gurram_eclipse-workspace_BankingTrainingApp] INFO  o.eclipse.m2e.core.internal.Bundles - 	Entry: C:\Users\Chandu Gurram\Downloads\eclipse-jee-2024-06-R-win32-x86_64\eclipse\plugins\org.eclipse.m2e.maven.runtime_3.9.700.20240602-2313\jars\maven-resolver-util-1.9.20.jar
2025-11-07 13:11:26,507 [Worker-35: Launching Executing test in C__Users_Chandu Gurram_eclipse-workspace_BankingTrainingApp] INFO  o.eclipse.m2e.core.internal.Bundles - 	Entry: C:\Users\Chandu Gurram\Downloads\eclipse-jee-2024-06-R-win32-x86_64\eclipse\plugins\org.eclipse.m2e.maven.runtime_3.9.700.20240602-2313\jars\maven-settings-3.9.7.jar
2025-11-07 13:11:26,507 [Worker-35: Launching Executing test in C__Users_Chandu Gurram_eclipse-workspace_BankingTrainingApp] INFO  o.eclipse.m2e.core.internal.Bundles - 	Entry: C:\Users\Chandu Gurram\Downloads\eclipse-jee-2024-06-R-win32-x86_64\eclipse\plugins\org.eclipse.m2e.maven.runtime_3.9.700.20240602-2313\jars\maven-settings-builder-3.9.7.jar
2025-11-07 13:11:26,507 [Worker-35: Launching Executing test in C__Users_Chandu Gurram_eclipse-workspace_BankingTrainingApp] INFO  o.eclipse.m2e.core.internal.Bundles - 	Entry: C:\Users\Chandu Gurram\Downloads\eclipse-jee-2024-06-R-win32-x86_64\eclipse\plugins\org.eclipse.m2e.maven.runtime_3.9.700.20240602-2313\jars\maven-shared-utils-3.4.2.jar
2025-11-07 13:11:26,507 [Worker-35: Launching Executing test in C__Users_Chandu Gurram_eclipse-workspace_BankingTrainingApp] INFO  o.eclipse.m2e.core.internal.Bundles - 	Entry: C:\Users\Chandu Gurram\Downloads\eclipse-jee-2024-06-R-win32-x86_64\eclipse\plugins\org.eclipse.m2e.maven.runtime_3.9.700.20240602-2313\jars\org.eclipse.sisu.inject-0.9.0.M2.jar
2025-11-07 13:11:26,507 [Worker-35: Launching Executing test in C__Users_Chandu Gurram_eclipse-workspace_BankingTrainingApp] INFO  o.eclipse.m2e.core.internal.Bundles - 	Entry: C:\Users\Chandu Gurram\Downloads\eclipse-jee-2024-06-R-win32-x86_64\eclipse\plugins\org.eclipse.m2e.maven.runtime_3.9.700.20240602-2313\jars\org.eclipse.sisu.plexus-0.9.0.M2.jar
2025-11-07 13:11:26,508 [Worker-35: Launching Executing test in C__Users_Chandu Gurram_eclipse-workspace_BankingTrainingApp] INFO  o.eclipse.m2e.core.internal.Bundles - 	Entry: C:\Users\Chandu Gurram\Downloads\eclipse-jee-2024-06-R-win32-x86_64\eclipse\plugins\org.eclipse.m2e.maven.runtime_3.9.700.20240602-2313\jars\plexus-build-api-0.0.7.jar
2025-11-07 13:11:26,508 [Worker-35: Launching Executing test in C__Users_Chandu Gurram_eclipse-workspace_BankingTrainingApp] INFO  o.eclipse.m2e.core.internal.Bundles - 	Entry: C:\Users\Chandu Gurram\Downloads\eclipse-jee-2024-06-R-win32-x86_64\eclipse\plugins\org.eclipse.m2e.maven.runtime_3.9.700.20240602-2313\jars\plexus-build-api-1.2.0.jar
2025-11-07 13:11:26,508 [Worker-35: Launching Executing test in C__Users_Chandu Gurram_eclipse-workspace_BankingTrainingApp] INFO  o.eclipse.m2e.core.internal.Bundles - 	Entry: C:\Users\Chandu Gurram\Downloads\eclipse-jee-2024-06-R-win32-x86_64\eclipse\plugins\org.eclipse.m2e.maven.runtime_3.9.700.20240602-2313\jars\plexus-cipher-2.0.jar
2025-11-07 13:11:26,508 [Worker-35: Launching Executing test in C__Users_Chandu Gurram_eclipse-workspace_BankingTrainingApp] INFO  o.eclipse.m2e.core.internal.Bundles - 	Entry: C:\Users\Chandu Gurram\Downloads\eclipse-jee-2024-06-R-win32-x86_64\eclipse\plugins\org.eclipse.m2e.maven.runtime_3.9.700.20240602-2313\jars\plexus-classworlds-2.8.0.jar
2025-11-07 13:11:26,508 [Worker-35: Launching Executing test in C__Users_Chandu Gurram_eclipse-workspace_BankingTrainingApp] INFO  o.eclipse.m2e.core.internal.Bundles - 	Entry: C:\Users\Chandu Gurram\Downloads\eclipse-jee-2024-06-R-win32-x86_64\eclipse\plugins\org.eclipse.m2e.maven.runtime_3.9.700.20240602-2313\jars\plexus-component-annotations-2.1.0.jar
2025-11-07 13:11:26,509 [Worker-35: Launching Executing test in C__Users_Chandu Gurram_eclipse-workspace_BankingTrainingApp] INFO  o.eclipse.m2e.core.internal.Bundles - 	Entry: C:\Users\Chandu Gurram\Downloads\eclipse-jee-2024-06-R-win32-x86_64\eclipse\plugins\org.eclipse.m2e.maven.runtime_3.9.700.20240602-2313\jars\plexus-interpolation-1.27.jar
2025-11-07 13:11:26,509 [Worker-35: Launching Executing test in C__Users_Chandu Gurram_eclipse-workspace_BankingTrainingApp] INFO  o.eclipse.m2e.core.internal.Bundles - 	Entry: C:\Users\Chandu Gurram\Downloads\eclipse-jee-2024-06-R-win32-x86_64\eclipse\plugins\org.eclipse.m2e.maven.runtime_3.9.700.20240602-2313\jars\plexus-sec-dispatcher-2.0.jar
2025-11-07 13:11:26,509 [Worker-35: Launching Executing test in C__Users_Chandu Gurram_eclipse-workspace_BankingTrainingApp] INFO  o.eclipse.m2e.core.internal.Bundles - 	Entry: C:\Users\Chandu Gurram\Downloads\eclipse-jee-2024-06-R-win32-x86_64\eclipse\plugins\org.eclipse.m2e.maven.runtime_3.9.700.20240602-2313\jars\plexus-utils-3.5.1.jar
2025-11-07 13:11:26,509 [Worker-35: Launching Executing test in C__Users_Chandu Gurram_eclipse-workspace_BankingTrainingApp] INFO  o.eclipse.m2e.core.internal.Bundles - 	Entry: C:\Users\Chandu Gurram\Downloads\eclipse-jee-2024-06-R-win32-x86_64\eclipse\plugins\org.eclipse.m2e.maven.runtime_3.9.700.20240602-2313\jars\wagon-file-3.5.3.jar
2025-11-07 13:11:26,510 [Worker-35: Launching Executing test in C__Users_Chandu Gurram_eclipse-workspace_BankingTrainingApp] INFO  o.eclipse.m2e.core.internal.Bundles - 	Entry: C:\Users\Chandu Gurram\Downloads\eclipse-jee-2024-06-R-win32-x86_64\eclipse\plugins\org.eclipse.m2e.maven.runtime_3.9.700.20240602-2313\jars\wagon-http-3.5.3.jar
2025-11-07 13:11:26,510 [Worker-35: Launching Executing test in C__Users_Chandu Gurram_eclipse-workspace_BankingTrainingApp] INFO  o.eclipse.m2e.core.internal.Bundles - 	Entry: C:\Users\Chandu Gurram\Downloads\eclipse-jee-2024-06-R-win32-x86_64\eclipse\plugins\org.eclipse.m2e.maven.runtime_3.9.700.20240602-2313\jars\wagon-http-shared-3.5.3.jar
2025-11-07 13:11:26,510 [Worker-35: Launching Executing test in C__Users_Chandu Gurram_eclipse-workspace_BankingTrainingApp] INFO  o.eclipse.m2e.core.internal.Bundles - 	Entry: C:\Users\Chandu Gurram\Downloads\eclipse-jee-2024-06-R-win32-x86_64\eclipse\plugins\org.eclipse.m2e.maven.runtime_3.9.700.20240602-2313\jars\wagon-provider-api-3.5.3.jar
2025-11-07 13:11:26,513 [Worker-35: Launching Executing test in C__Users_Chandu Gurram_eclipse-workspace_BankingTrainingApp] INFO  o.eclipse.m2e.core.internal.Bundles - getClasspathEntries(Bundle=com.google.guava_33.2.0.jre [16])
2025-11-07 13:11:26,513 [Worker-35: Launching Executing test in C__Users_Chandu Gurram_eclipse-workspace_BankingTrainingApp] INFO  o.eclipse.m2e.core.internal.Bundles - 	Entry: C:\Users\Chandu Gurram\Downloads\eclipse-jee-2024-06-R-win32-x86_64\eclipse\plugins\com.google.guava_33.2.0.jre.jar
2025-11-07 13:11:26,514 [Worker-35: Launching Executing test in C__Users_Chandu Gurram_eclipse-workspace_BankingTrainingApp] INFO  o.eclipse.m2e.core.internal.Bundles - getClasspathEntries(Bundle=slf4j.api_2.0.13 [1010])
2025-11-07 13:11:26,515 [Worker-35: Launching Executing test in C__Users_Chandu Gurram_eclipse-workspace_BankingTrainingApp] INFO  o.eclipse.m2e.core.internal.Bundles - 	Entry: C:\Users\Chandu Gurram\Downloads\eclipse-jee-2024-06-R-win32-x86_64\eclipse\plugins\slf4j.api_2.0.13.jar
2025-11-07 13:11:26,515 [Worker-35: Launching Executing test in C__Users_Chandu Gurram_eclipse-workspace_BankingTrainingApp] INFO  o.eclipse.m2e.core.internal.Bundles - getClasspathEntries(Bundle=jakarta.inject.jakarta.inject-api_1.0.5 [33])
2025-11-07 13:11:26,516 [Worker-35: Launching Executing test in C__Users_Chandu Gurram_eclipse-workspace_BankingTrainingApp] INFO  o.eclipse.m2e.core.internal.Bundles - 	Entry: C:\Users\Chandu Gurram\Downloads\eclipse-jee-2024-06-R-win32-x86_64\eclipse\plugins\jakarta.inject.jakarta.inject-api_1.0.5.jar
2025-11-07 13:11:26,516 [Worker-35: Launching Executing test in C__Users_Chandu Gurram_eclipse-workspace_BankingTrainingApp] INFO  o.eclipse.m2e.core.internal.Bundles - getClasspathEntries(Bundle=javax.annotation_1.3.5.v20200909-1856 [44])
2025-11-07 13:11:26,517 [Worker-35: Launching Executing test in C__Users_Chandu Gurram_eclipse-workspace_BankingTrainingApp] INFO  o.eclipse.m2e.core.internal.Bundles - 	Entry: C:\Users\Chandu Gurram\Downloads\eclipse-jee-2024-06-R-win32-x86_64\eclipse\plugins\javax.annotation_1.3.5.v20200909-1856.jar
2025-11-07 13:11:26,517 [Worker-35: Launching Executing test in C__Users_Chandu Gurram_eclipse-workspace_BankingTrainingApp] INFO  o.eclipse.m2e.core.internal.Bundles - getClasspathEntries(Bundle=org.apache.commons.cli_1.8.0 [78])
2025-11-07 13:11:26,517 [Worker-35: Launching Executing test in C__Users_Chandu Gurram_eclipse-workspace_BankingTrainingApp] INFO  o.eclipse.m2e.core.internal.Bundles - 	Entry: C:\Users\Chandu Gurram\Downloads\eclipse-jee-2024-06-R-win32-x86_64\eclipse\plugins\org.apache.commons.cli_1.8.0.jar
2025-11-07 13:11:26,517 [Worker-35: Launching Executing test in C__Users_Chandu Gurram_eclipse-workspace_BankingTrainingApp] INFO  o.eclipse.m2e.core.internal.Bundles - getClasspathEntries(Bundle=org.apache.commons.commons-codec_1.16.0 [81])
2025-11-07 13:11:26,518 [Worker-35: Launching Executing test in C__Users_Chandu Gurram_eclipse-workspace_BankingTrainingApp] INFO  o.eclipse.m2e.core.internal.Bundles - 	Entry: C:\Users\Chandu Gurram\Downloads\eclipse-jee-2024-06-R-win32-x86_64\eclipse\plugins\org.apache.commons.commons-codec_1.16.0.jar
2025-11-07 13:11:26,519 [Worker-35: Launching Executing test in C__Users_Chandu Gurram_eclipse-workspace_BankingTrainingApp] INFO  o.eclipse.m2e.core.internal.Bundles - getClasspathEntries(Bundle=org.apache.commons.lang3_3.14.0 [89])
2025-11-07 13:11:26,520 [Worker-35: Launching Executing test in C__Users_Chandu Gurram_eclipse-workspace_BankingTrainingApp] INFO  o.eclipse.m2e.core.internal.Bundles - 	Entry: C:\Users\Chandu Gurram\Downloads\eclipse-jee-2024-06-R-win32-x86_64\eclipse\plugins\org.apache.commons.lang3_3.14.0.jar
2025-11-07 13:11:26,520 [Worker-35: Launching Executing test in C__Users_Chandu Gurram_eclipse-workspace_BankingTrainingApp] INFO  o.eclipse.m2e.core.internal.Bundles - getClasspathEntries(Bundle=com.google.guava.failureaccess_1.0.2 [17])
2025-11-07 13:11:26,522 [Worker-35: Launching Executing test in C__Users_Chandu Gurram_eclipse-workspace_BankingTrainingApp] INFO  o.eclipse.m2e.core.internal.Bundles - 	Entry: C:\Users\Chandu Gurram\Downloads\eclipse-jee-2024-06-R-win32-x86_64\eclipse\plugins\com.google.guava.failureaccess_1.0.2.jar
2025-11-07 13:11:26,529 [Worker-35: Launching Executing test in C__Users_Chandu Gurram_eclipse-workspace_BankingTrainingApp] INFO  o.e.m.i.launch.MavenLaunchDelegate - Run build in "C:\Users\Chandu Gurram\eclipse-workspace\BankingTrainingApp":
2025-11-07 13:11:26,539 [Worker-35: Launching Executing test in C__Users_Chandu Gurram_eclipse-workspace_BankingTrainingApp] INFO  o.e.m.i.launch.MavenLaunchDelegate -  mvn  -B -Dstyle.color=always test
2025-11-07 15:04:58,838 [Worker-42: Launching PaymentOps] INFO  o.e.m.c.i.e.AbstractTransferListenerAdapter - Downloading https://repo.maven.apache.org/maven2/org/apache/logging/log4j/log4j-core/2.22.0/log4j-core-2.22.0.pom
2025-11-07 15:04:58,908 [Worker-42: Launching PaymentOps] INFO  o.e.m.c.i.e.AbstractTransferListenerAdapter - Downloaded https://repo.maven.apache.org/maven2/org/apache/logging/log4j/log4j-core/2.22.0/log4j-core-2.22.0.pom
2025-11-07 15:04:59,014 [Worker-42: Launching PaymentOps] INFO  o.e.m.c.i.e.AbstractTransferListenerAdapter - Downloading https://repo.maven.apache.org/maven2/org/apache/logging/log4j/log4j/2.22.0/log4j-2.22.0.pom
2025-11-07 15:04:59,065 [Worker-42: Launching PaymentOps] INFO  o.e.m.c.i.e.AbstractTransferListenerAdapter - Downloaded https://repo.maven.apache.org/maven2/org/apache/logging/log4j/log4j/2.22.0/log4j-2.22.0.pom
2025-11-07 15:04:59,146 [Worker-42: Launching PaymentOps] INFO  o.e.m.c.i.e.AbstractTransferListenerAdapter - Downloading https://repo.maven.apache.org/maven2/org/apache/logging/log4j/log4j-bom/2.22.0/log4j-bom-2.22.0.pom
2025-11-07 15:04:59,196 [Worker-42: Launching PaymentOps] INFO  o.e.m.c.i.e.AbstractTransferListenerAdapter - Downloaded https://repo.maven.apache.org/maven2/org/apache/logging/log4j/log4j-bom/2.22.0/log4j-bom-2.22.0.pom
2025-11-07 15:04:59,269 [Worker-42: Launching PaymentOps] INFO  o.e.m.c.i.e.AbstractTransferListenerAdapter - Downloading https://repo.maven.apache.org/maven2/org/apache/logging/logging-parent/10.4.0/logging-parent-10.4.0.pom
2025-11-07 15:04:59,378 [Worker-42: Launching PaymentOps] INFO  o.e.m.c.i.e.AbstractTransferListenerAdapter - Downloaded https://repo.maven.apache.org/maven2/org/apache/logging/logging-parent/10.4.0/logging-parent-10.4.0.pom
2025-11-07 15:04:59,515 [Worker-42: Launching PaymentOps] INFO  o.e.m.c.i.e.AbstractTransferListenerAdapter - Downloading https://repo.maven.apache.org/maven2/org/codehaus/groovy/groovy-bom/3.0.19/groovy-bom-3.0.19.pom
2025-11-07 15:04:59,586 [Worker-42: Launching PaymentOps] INFO  o.e.m.c.i.e.AbstractTransferListenerAdapter - Downloaded https://repo.maven.apache.org/maven2/org/codehaus/groovy/groovy-bom/3.0.19/groovy-bom-3.0.19.pom
2025-11-07 15:04:59,679 [Worker-42: Launching PaymentOps] INFO  o.e.m.c.i.e.AbstractTransferListenerAdapter - Downloading https://repo.maven.apache.org/maven2/com/fasterxml/jackson/jackson-bom/2.16.0/jackson-bom-2.16.0.pom
2025-11-07 15:04:59,732 [Worker-42: Launching PaymentOps] INFO  o.e.m.c.i.e.AbstractTransferListenerAdapter - Downloaded https://repo.maven.apache.org/maven2/com/fasterxml/jackson/jackson-bom/2.16.0/jackson-bom-2.16.0.pom
2025-11-07 15:04:59,936 [Worker-42: Launching PaymentOps] INFO  o.e.m.c.i.e.AbstractTransferListenerAdapter - Downloading https://repo.maven.apache.org/maven2/org/eclipse/jetty/jetty-bom/9.4.53.v20231009/jetty-bom-9.4.53.v20231009.pom
2025-11-07 15:04:59,974 [Worker-42: Launching PaymentOps] INFO  o.e.m.c.i.e.AbstractTransferListenerAdapter - Downloaded https://repo.maven.apache.org/maven2/org/eclipse/jetty/jetty-bom/9.4.53.v20231009/jetty-bom-9.4.53.v20231009.pom
2025-11-07 15:05:00,122 [Worker-42: Launching PaymentOps] INFO  o.e.m.c.i.e.AbstractTransferListenerAdapter - Downloading https://repo.maven.apache.org/maven2/io/netty/netty-bom/4.1.101.Final/netty-bom-4.1.101.Final.pom
2025-11-07 15:05:00,168 [Worker-42: Launching PaymentOps] INFO  o.e.m.c.i.e.AbstractTransferListenerAdapter - Downloaded https://repo.maven.apache.org/maven2/io/netty/netty-bom/4.1.101.Final/netty-bom-4.1.101.Final.pom
2025-11-07 15:05:00,258 [Worker-42: Launching PaymentOps] INFO  o.e.m.c.i.e.AbstractTransferListenerAdapter - Downloading https://repo.maven.apache.org/maven2/org/springframework/spring-framework-bom/5.3.31/spring-framework-bom-5.3.31.pom
2025-11-07 15:05:00,294 [Worker-42: Launching PaymentOps] INFO  o.e.m.c.i.e.AbstractTransferListenerAdapter - Downloaded https://repo.maven.apache.org/maven2/org/springframework/spring-framework-bom/5.3.31/spring-framework-bom-5.3.31.pom
2025-11-07 15:05:00,356 [Worker-42: Launching PaymentOps] INFO  o.e.m.c.i.e.AbstractTransferListenerAdapter - Downloading https://repo.maven.apache.org/maven2/org/apache/logging/log4j/log4j-api/2.22.0/log4j-api-2.22.0.pom
2025-11-07 15:05:00,397 [Worker-42: Launching PaymentOps] INFO  o.e.m.c.i.e.AbstractTransferListenerAdapter - Downloaded https://repo.maven.apache.org/maven2/org/apache/logging/log4j/log4j-api/2.22.0/log4j-api-2.22.0.pom
2025-11-07 15:05:00,480 [Worker-42: Launching PaymentOps] INFO  o.e.m.c.i.e.AbstractTransferListenerAdapter - Downloading https://repo.maven.apache.org/maven2/org/apache/logging/log4j/log4j-core/2.22.0/log4j-core-2.22.0.jar
2025-11-07 15:05:00,780 [Worker-42: Launching PaymentOps] INFO  o.e.m.c.i.e.AbstractTransferListenerAdapter - Downloaded https://repo.maven.apache.org/maven2/org/apache/logging/log4j/log4j-core/2.22.0/log4j-core-2.22.0.jar
2025-11-07 15:05:00,832 [BasicRepositoryConnector-repo.maven.apache.org-1-0] INFO  o.e.m.c.i.e.AbstractTransferListenerAdapter - Downloading https://repo.maven.apache.org/maven2/org/apache/logging/log4j/log4j-api/2.22.0/log4j-api-2.22.0.jar
2025-11-07 15:05:00,889 [BasicRepositoryConnector-repo.maven.apache.org-1-0] INFO  o.e.m.c.i.e.AbstractTransferListenerAdapter - Downloaded https://repo.maven.apache.org/maven2/org/apache/logging/log4j/log4j-api/2.22.0/log4j-api-2.22.0.jar
2025-11-07 15:05:02,618 [Worker-42: Launching PaymentOps] INFO  o.e.m.c.i.l.LifecycleMappingFactory - Using org.eclipse.m2e.jdt.JarLifecycleMapping lifecycle mapping for MavenProject: com.app:BankingTraining:0.0.1-SNAPSHOT @ C:\Users\Chandu Gurram\eclipse-workspace\BankingTrainingApp\pom.xml.
2025-11-07 15:05:03,052 [Worker-42: Launching PaymentOps] WARN  o.a.m.s.f.DefaultMavenResourcesFiltering - Using platform encoding (UTF-8 actually) to copy filtered resources, i.e. build is platform dependent!
2025-11-07 15:05:03,059 [Worker-42: Launching PaymentOps] INFO  o.a.m.s.f.DefaultMavenResourcesFiltering - Copying 0 resource from src\main\resources to target\classes
2025-11-07 15:05:03,066 [Worker-42: Launching PaymentOps] WARN  o.a.m.s.f.DefaultMavenResourcesFiltering - Using platform encoding (UTF-8 actually) to copy filtered resources, i.e. build is platform dependent!
2025-11-07 15:05:03,068 [Worker-42: Launching PaymentOps] INFO  o.a.m.s.f.DefaultMavenResourcesFiltering - Copying 0 resource from src\test\resources to target\test-classes
2025-11-07 15:05:03,826 [Worker-34: Download sources and javadoc] INFO  o.e.m.c.i.e.AbstractTransferListenerAdapter - Downloading https://repo.maven.apache.org/maven2/org/apache/logging/log4j/log4j-core/2.22.0/log4j-core-2.22.0-sources.jar
2025-11-07 15:05:03,980 [Worker-34: Download sources and javadoc] INFO  o.e.m.c.i.e.AbstractTransferListenerAdapter - Downloaded https://repo.maven.apache.org/maven2/org/apache/logging/log4j/log4j-core/2.22.0/log4j-core-2.22.0-sources.jar
2025-11-07 15:05:03,994 [Worker-34: Download sources and javadoc] INFO  o.e.m.j.internal.DownloadSourcesJob - Downloaded sources for org.apache.logging.log4j:log4j-core:2.22.0
2025-11-07 15:05:04,100 [Worker-34: Download sources and javadoc] INFO  o.e.m.c.i.e.AbstractTransferListenerAdapter - Downloading https://repo.maven.apache.org/maven2/org/apache/logging/log4j/log4j-api/2.22.0/log4j-api-2.22.0-sources.jar
2025-11-07 15:05:04,227 [Worker-34: Download sources and javadoc] INFO  o.e.m.c.i.e.AbstractTransferListenerAdapter - Downloaded https://repo.maven.apache.org/maven2/org/apache/logging/log4j/log4j-api/2.22.0/log4j-api-2.22.0-sources.jar
2025-11-07 15:05:04,238 [Worker-34: Download sources and javadoc] INFO  o.e.m.j.internal.DownloadSourcesJob - Downloaded sources for org.apache.logging.log4j:log4j-api:2.22.0
2025-11-07 15:05:05,096 [Worker-43: Building] WARN  o.a.m.s.f.DefaultMavenResourcesFiltering - Using platform encoding (UTF-8 actually) to copy filtered resources, i.e. build is platform dependent!
2025-11-07 15:05:05,099 [Worker-43: Building] INFO  o.a.m.s.f.DefaultMavenResourcesFiltering - Copying 0 resource from src\main\resources to target\classes
2025-11-07 15:05:05,106 [Worker-43: Building] WARN  o.a.m.s.f.DefaultMavenResourcesFiltering - Using platform encoding (UTF-8 actually) to copy filtered resources, i.e. build is platform dependent!
2025-11-07 15:05:05,110 [Worker-43: Building] INFO  o.a.m.s.f.DefaultMavenResourcesFiltering - Copying 0 resource from src\test\resources to target\test-classes
2025-11-07 15:38:14,232 [Worker-43: Launching Executing test in C__Users_Chandu Gurram_eclipse-workspace_BankingTrainingApp] INFO  o.eclipse.m2e.core.internal.Bundles - getClasspathEntries(Bundle=org.eclipse.m2e.maven.runtime_3.9.700.20240602-2313 [645])
2025-11-07 15:38:14,243 [Worker-43: Launching Executing test in C__Users_Chandu Gurram_eclipse-workspace_BankingTrainingApp] INFO  o.eclipse.m2e.core.internal.Bundles - 	Entry: C:\Users\Chandu Gurram\Downloads\eclipse-jee-2024-06-R-win32-x86_64\eclipse\plugins\org.eclipse.m2e.maven.runtime_3.9.700.20240602-2313
2025-11-07 15:38:14,244 [Worker-43: Launching Executing test in C__Users_Chandu Gurram_eclipse-workspace_BankingTrainingApp] INFO  o.eclipse.m2e.core.internal.Bundles - 	Entry: C:\Users\Chandu Gurram\Downloads\eclipse-jee-2024-06-R-win32-x86_64\eclipse\plugins\org.eclipse.m2e.maven.runtime_3.9.700.20240602-2313\jars\aopalliance-1.0.jar
2025-11-07 15:38:14,245 [Worker-43: Launching Executing test in C__Users_Chandu Gurram_eclipse-workspace_BankingTrainingApp] INFO  o.eclipse.m2e.core.internal.Bundles - 	Entry: C:\Users\Chandu Gurram\Downloads\eclipse-jee-2024-06-R-win32-x86_64\eclipse\plugins\org.eclipse.m2e.maven.runtime_3.9.700.20240602-2313\jars\guice-5.1.0.jar
2025-11-07 15:38:14,245 [Worker-43: Launching Executing test in C__Users_Chandu Gurram_eclipse-workspace_BankingTrainingApp] INFO  o.eclipse.m2e.core.internal.Bundles - 	Entry: C:\Users\Chandu Gurram\Downloads\eclipse-jee-2024-06-R-win32-x86_64\eclipse\plugins\org.eclipse.m2e.maven.runtime_3.9.700.20240602-2313\jars\httpclient-4.5.14.jar
2025-11-07 15:38:14,246 [Worker-43: Launching Executing test in C__Users_Chandu Gurram_eclipse-workspace_BankingTrainingApp] INFO  o.eclipse.m2e.core.internal.Bundles - 	Entry: C:\Users\Chandu Gurram\Downloads\eclipse-jee-2024-06-R-win32-x86_64\eclipse\plugins\org.eclipse.m2e.maven.runtime_3.9.700.20240602-2313\jars\httpcore-4.4.16.jar
2025-11-07 15:38:14,246 [Worker-43: Launching Executing test in C__Users_Chandu Gurram_eclipse-workspace_BankingTrainingApp] INFO  o.eclipse.m2e.core.internal.Bundles - 	Entry: C:\Users\Chandu Gurram\Downloads\eclipse-jee-2024-06-R-win32-x86_64\eclipse\plugins\org.eclipse.m2e.maven.runtime_3.9.700.20240602-2313\jars\jansi-2.4.1.jar
2025-11-07 15:38:14,246 [Worker-43: Launching Executing test in C__Users_Chandu Gurram_eclipse-workspace_BankingTrainingApp] INFO  o.eclipse.m2e.core.internal.Bundles - 	Entry: C:\Users\Chandu Gurram\Downloads\eclipse-jee-2024-06-R-win32-x86_64\eclipse\plugins\org.eclipse.m2e.maven.runtime_3.9.700.20240602-2313\jars\jcl-over-slf4j-1.7.36.jar
2025-11-07 15:38:14,248 [Worker-43: Launching Executing test in C__Users_Chandu Gurram_eclipse-workspace_BankingTrainingApp] INFO  o.eclipse.m2e.core.internal.Bundles - 	Entry: C:\Users\Chandu Gurram\Downloads\eclipse-jee-2024-06-R-win32-x86_64\eclipse\plugins\org.eclipse.m2e.maven.runtime_3.9.700.20240602-2313\jars\maven-artifact-3.9.7.jar
2025-11-07 15:38:14,248 [Worker-43: Launching Executing test in C__Users_Chandu Gurram_eclipse-workspace_BankingTrainingApp] INFO  o.eclipse.m2e.core.internal.Bundles - 	Entry: C:\Users\Chandu Gurram\Downloads\eclipse-jee-2024-06-R-win32-x86_64\eclipse\plugins\org.eclipse.m2e.maven.runtime_3.9.700.20240602-2313\jars\maven-builder-support-3.9.7.jar
2025-11-07 15:38:14,249 [Worker-43: Launching Executing test in C__Users_Chandu Gurram_eclipse-workspace_BankingTrainingApp] INFO  o.eclipse.m2e.core.internal.Bundles - 	Entry: C:\Users\Chandu Gurram\Downloads\eclipse-jee-2024-06-R-win32-x86_64\eclipse\plugins\org.eclipse.m2e.maven.runtime_3.9.700.20240602-2313\jars\maven-compat-3.9.7.jar
2025-11-07 15:38:14,250 [Worker-43: Launching Executing test in C__Users_Chandu Gurram_eclipse-workspace_BankingTrainingApp] INFO  o.eclipse.m2e.core.internal.Bundles - 	Entry: C:\Users\Chandu Gurram\Downloads\eclipse-jee-2024-06-R-win32-x86_64\eclipse\plugins\org.eclipse.m2e.maven.runtime_3.9.700.20240602-2313\jars\maven-core-3.9.7.jar
2025-11-07 15:38:14,251 [Worker-43: Launching Executing test in C__Users_Chandu Gurram_eclipse-workspace_BankingTrainingApp] INFO  o.eclipse.m2e.core.internal.Bundles - 	Entry: C:\Users\Chandu Gurram\Downloads\eclipse-jee-2024-06-R-win32-x86_64\eclipse\plugins\org.eclipse.m2e.maven.runtime_3.9.700.20240602-2313\jars\maven-embedder-3.9.7.jar
2025-11-07 15:38:14,252 [Worker-43: Launching Executing test in C__Users_Chandu Gurram_eclipse-workspace_BankingTrainingApp] INFO  o.eclipse.m2e.core.internal.Bundles - 	Entry: C:\Users\Chandu Gurram\Downloads\eclipse-jee-2024-06-R-win32-x86_64\eclipse\plugins\org.eclipse.m2e.maven.runtime_3.9.700.20240602-2313\jars\maven-model-3.9.7.jar
2025-11-07 15:38:14,252 [Worker-43: Launching Executing test in C__Users_Chandu Gurram_eclipse-workspace_BankingTrainingApp] INFO  o.eclipse.m2e.core.internal.Bundles - 	Entry: C:\Users\Chandu Gurram\Downloads\eclipse-jee-2024-06-R-win32-x86_64\eclipse\plugins\org.eclipse.m2e.maven.runtime_3.9.700.20240602-2313\jars\maven-model-builder-3.9.7.jar
2025-11-07 15:38:14,252 [Worker-43: Launching Executing test in C__Users_Chandu Gurram_eclipse-workspace_BankingTrainingApp] INFO  o.eclipse.m2e.core.internal.Bundles - 	Entry: C:\Users\Chandu Gurram\Downloads\eclipse-jee-2024-06-R-win32-x86_64\eclipse\plugins\org.eclipse.m2e.maven.runtime_3.9.700.20240602-2313\jars\maven-plugin-api-3.9.7.jar
2025-11-07 15:38:14,254 [Worker-43: Launching Executing test in C__Users_Chandu Gurram_eclipse-workspace_BankingTrainingApp] INFO  o.eclipse.m2e.core.internal.Bundles - 	Entry: C:\Users\Chandu Gurram\Downloads\eclipse-jee-2024-06-R-win32-x86_64\eclipse\plugins\org.eclipse.m2e.maven.runtime_3.9.700.20240602-2313\jars\maven-repository-metadata-3.9.7.jar
2025-11-07 15:38:14,254 [Worker-43: Launching Executing test in C__Users_Chandu Gurram_eclipse-workspace_BankingTrainingApp] INFO  o.eclipse.m2e.core.internal.Bundles - 	Entry: C:\Users\Chandu Gurram\Downloads\eclipse-jee-2024-06-R-win32-x86_64\eclipse\plugins\org.eclipse.m2e.maven.runtime_3.9.700.20240602-2313\jars\maven-resolver-api-1.9.20.jar
2025-11-07 15:38:14,254 [Worker-43: Launching Executing test in C__Users_Chandu Gurram_eclipse-workspace_BankingTrainingApp] INFO  o.eclipse.m2e.core.internal.Bundles - 	Entry: C:\Users\Chandu Gurram\Downloads\eclipse-jee-2024-06-R-win32-x86_64\eclipse\plugins\org.eclipse.m2e.maven.runtime_3.9.700.20240602-2313\jars\maven-resolver-connector-basic-1.9.20.jar
2025-11-07 15:38:14,255 [Worker-43: Launching Executing test in C__Users_Chandu Gurram_eclipse-workspace_BankingTrainingApp] INFO  o.eclipse.m2e.core.internal.Bundles - 	Entry: C:\Users\Chandu Gurram\Downloads\eclipse-jee-2024-06-R-win32-x86_64\eclipse\plugins\org.eclipse.m2e.maven.runtime_3.9.700.20240602-2313\jars\maven-resolver-impl-1.9.20.jar
2025-11-07 15:38:14,256 [Worker-43: Launching Executing test in C__Users_Chandu Gurram_eclipse-workspace_BankingTrainingApp] INFO  o.eclipse.m2e.core.internal.Bundles - 	Entry: C:\Users\Chandu Gurram\Downloads\eclipse-jee-2024-06-R-win32-x86_64\eclipse\plugins\org.eclipse.m2e.maven.runtime_3.9.700.20240602-2313\jars\maven-resolver-named-locks-1.9.20.jar
2025-11-07 15:38:14,256 [Worker-43: Launching Executing test in C__Users_Chandu Gurram_eclipse-workspace_BankingTrainingApp] INFO  o.eclipse.m2e.core.internal.Bundles - 	Entry: C:\Users\Chandu Gurram\Downloads\eclipse-jee-2024-06-R-win32-x86_64\eclipse\plugins\org.eclipse.m2e.maven.runtime_3.9.700.20240602-2313\jars\maven-resolver-provider-3.9.7.jar
2025-11-07 15:38:14,257 [Worker-43: Launching Executing test in C__Users_Chandu Gurram_eclipse-workspace_BankingTrainingApp] INFO  o.eclipse.m2e.core.internal.Bundles - 	Entry: C:\Users\Chandu Gurram\Downloads\eclipse-jee-2024-06-R-win32-x86_64\eclipse\plugins\org.eclipse.m2e.maven.runtime_3.9.700.20240602-2313\jars\maven-resolver-spi-1.9.20.jar
2025-11-07 15:38:14,257 [Worker-43: Launching Executing test in C__Users_Chandu Gurram_eclipse-workspace_BankingTrainingApp] INFO  o.eclipse.m2e.core.internal.Bundles - 	Entry: C:\Users\Chandu Gurram\Downloads\eclipse-jee-2024-06-R-win32-x86_64\eclipse\plugins\org.eclipse.m2e.maven.runtime_3.9.700.20240602-2313\jars\maven-resolver-transport-file-1.9.20.jar
2025-11-07 15:38:14,257 [Worker-43: Launching Executing test in C__Users_Chandu Gurram_eclipse-workspace_BankingTrainingApp] INFO  o.eclipse.m2e.core.internal.Bundles - 	Entry: C:\Users\Chandu Gurram\Downloads\eclipse-jee-2024-06-R-win32-x86_64\eclipse\plugins\org.eclipse.m2e.maven.runtime_3.9.700.20240602-2313\jars\maven-resolver-transport-http-1.9.20.jar
2025-11-07 15:38:14,258 [Worker-43: Launching Executing test in C__Users_Chandu Gurram_eclipse-workspace_BankingTrainingApp] INFO  o.eclipse.m2e.core.internal.Bundles - 	Entry: C:\Users\Chandu Gurram\Downloads\eclipse-jee-2024-06-R-win32-x86_64\eclipse\plugins\org.eclipse.m2e.maven.runtime_3.9.700.20240602-2313\jars\maven-resolver-transport-wagon-1.9.20.jar
2025-11-07 15:38:14,258 [Worker-43: Launching Executing test in C__Users_Chandu Gurram_eclipse-workspace_BankingTrainingApp] INFO  o.eclipse.m2e.core.internal.Bundles - 	Entry: C:\Users\Chandu Gurram\Downloads\eclipse-jee-2024-06-R-win32-x86_64\eclipse\plugins\org.eclipse.m2e.maven.runtime_3.9.700.20240602-2313\jars\maven-resolver-util-1.9.20.jar
2025-11-07 15:38:14,259 [Worker-43: Launching Executing test in C__Users_Chandu Gurram_eclipse-workspace_BankingTrainingApp] INFO  o.eclipse.m2e.core.internal.Bundles - 	Entry: C:\Users\Chandu Gurram\Downloads\eclipse-jee-2024-06-R-win32-x86_64\eclipse\plugins\org.eclipse.m2e.maven.runtime_3.9.700.20240602-2313\jars\maven-settings-3.9.7.jar
2025-11-07 15:38:14,259 [Worker-43: Launching Executing test in C__Users_Chandu Gurram_eclipse-workspace_BankingTrainingApp] INFO  o.eclipse.m2e.core.internal.Bundles - 	Entry: C:\Users\Chandu Gurram\Downloads\eclipse-jee-2024-06-R-win32-x86_64\eclipse\plugins\org.eclipse.m2e.maven.runtime_3.9.700.20240602-2313\jars\maven-settings-builder-3.9.7.jar
2025-11-07 15:38:14,260 [Worker-43: Launching Executing test in C__Users_Chandu Gurram_eclipse-workspace_BankingTrainingApp] INFO  o.eclipse.m2e.core.internal.Bundles - 	Entry: C:\Users\Chandu Gurram\Downloads\eclipse-jee-2024-06-R-win32-x86_64\eclipse\plugins\org.eclipse.m2e.maven.runtime_3.9.700.20240602-2313\jars\maven-shared-utils-3.4.2.jar
2025-11-07 15:38:14,260 [Worker-43: Launching Executing test in C__Users_Chandu Gurram_eclipse-workspace_BankingTrainingApp] INFO  o.eclipse.m2e.core.internal.Bundles - 	Entry: C:\Users\Chandu Gurram\Downloads\eclipse-jee-2024-06-R-win32-x86_64\eclipse\plugins\org.eclipse.m2e.maven.runtime_3.9.700.20240602-2313\jars\org.eclipse.sisu.inject-0.9.0.M2.jar
2025-11-07 15:38:14,261 [Worker-43: Launching Executing test in C__Users_Chandu Gurram_eclipse-workspace_BankingTrainingApp] INFO  o.eclipse.m2e.core.internal.Bundles - 	Entry: C:\Users\Chandu Gurram\Downloads\eclipse-jee-2024-06-R-win32-x86_64\eclipse\plugins\org.eclipse.m2e.maven.runtime_3.9.700.20240602-2313\jars\org.eclipse.sisu.plexus-0.9.0.M2.jar
2025-11-07 15:38:14,262 [Worker-43: Launching Executing test in C__Users_Chandu Gurram_eclipse-workspace_BankingTrainingApp] INFO  o.eclipse.m2e.core.internal.Bundles - 	Entry: C:\Users\Chandu Gurram\Downloads\eclipse-jee-2024-06-R-win32-x86_64\eclipse\plugins\org.eclipse.m2e.maven.runtime_3.9.700.20240602-2313\jars\plexus-build-api-0.0.7.jar
2025-11-07 15:38:14,262 [Worker-43: Launching Executing test in C__Users_Chandu Gurram_eclipse-workspace_BankingTrainingApp] INFO  o.eclipse.m2e.core.internal.Bundles - 	Entry: C:\Users\Chandu Gurram\Downloads\eclipse-jee-2024-06-R-win32-x86_64\eclipse\plugins\org.eclipse.m2e.maven.runtime_3.9.700.20240602-2313\jars\plexus-build-api-1.2.0.jar
2025-11-07 15:38:14,262 [Worker-43: Launching Executing test in C__Users_Chandu Gurram_eclipse-workspace_BankingTrainingApp] INFO  o.eclipse.m2e.core.internal.Bundles - 	Entry: C:\Users\Chandu Gurram\Downloads\eclipse-jee-2024-06-R-win32-x86_64\eclipse\plugins\org.eclipse.m2e.maven.runtime_3.9.700.20240602-2313\jars\plexus-cipher-2.0.jar
2025-11-07 15:38:14,262 [Worker-43: Launching Executing test in C__Users_Chandu Gurram_eclipse-workspace_BankingTrainingApp] INFO  o.eclipse.m2e.core.internal.Bundles - 	Entry: C:\Users\Chandu Gurram\Downloads\eclipse-jee-2024-06-R-win32-x86_64\eclipse\plugins\org.eclipse.m2e.maven.runtime_3.9.700.20240602-2313\jars\plexus-classworlds-2.8.0.jar
2025-11-07 15:38:14,264 [Worker-43: Launching Executing test in C__Users_Chandu Gurram_eclipse-workspace_BankingTrainingApp] INFO  o.eclipse.m2e.core.internal.Bundles - 	Entry: C:\Users\Chandu Gurram\Downloads\eclipse-jee-2024-06-R-win32-x86_64\eclipse\plugins\org.eclipse.m2e.maven.runtime_3.9.700.20240602-2313\jars\plexus-component-annotations-2.1.0.jar
2025-11-07 15:38:14,264 [Worker-43: Launching Executing test in C__Users_Chandu Gurram_eclipse-workspace_BankingTrainingApp] INFO  o.eclipse.m2e.core.internal.Bundles - 	Entry: C:\Users\Chandu Gurram\Downloads\eclipse-jee-2024-06-R-win32-x86_64\eclipse\plugins\org.eclipse.m2e.maven.runtime_3.9.700.20240602-2313\jars\plexus-interpolation-1.27.jar
2025-11-07 15:38:14,265 [Worker-43: Launching Executing test in C__Users_Chandu Gurram_eclipse-workspace_BankingTrainingApp] INFO  o.eclipse.m2e.core.internal.Bundles - 	Entry: C:\Users\Chandu Gurram\Downloads\eclipse-jee-2024-06-R-win32-x86_64\eclipse\plugins\org.eclipse.m2e.maven.runtime_3.9.700.20240602-2313\jars\plexus-sec-dispatcher-2.0.jar
2025-11-07 15:38:14,266 [Worker-43: Launching Executing test in C__Users_Chandu Gurram_eclipse-workspace_BankingTrainingApp] INFO  o.eclipse.m2e.core.internal.Bundles - 	Entry: C:\Users\Chandu Gurram\Downloads\eclipse-jee-2024-06-R-win32-x86_64\eclipse\plugins\org.eclipse.m2e.maven.runtime_3.9.700.20240602-2313\jars\plexus-utils-3.5.1.jar
2025-11-07 15:38:14,266 [Worker-43: Launching Executing test in C__Users_Chandu Gurram_eclipse-workspace_BankingTrainingApp] INFO  o.eclipse.m2e.core.internal.Bundles - 	Entry: C:\Users\Chandu Gurram\Downloads\eclipse-jee-2024-06-R-win32-x86_64\eclipse\plugins\org.eclipse.m2e.maven.runtime_3.9.700.20240602-2313\jars\wagon-file-3.5.3.jar
2025-11-07 15:38:14,267 [Worker-43: Launching Executing test in C__Users_Chandu Gurram_eclipse-workspace_BankingTrainingApp] INFO  o.eclipse.m2e.core.internal.Bundles - 	Entry: C:\Users\Chandu Gurram\Downloads\eclipse-jee-2024-06-R-win32-x86_64\eclipse\plugins\org.eclipse.m2e.maven.runtime_3.9.700.20240602-2313\jars\wagon-http-3.5.3.jar
2025-11-07 15:38:14,268 [Worker-43: Launching Executing test in C__Users_Chandu Gurram_eclipse-workspace_BankingTrainingApp] INFO  o.eclipse.m2e.core.internal.Bundles - 	Entry: C:\Users\Chandu Gurram\Downloads\eclipse-jee-2024-06-R-win32-x86_64\eclipse\plugins\org.eclipse.m2e.maven.runtime_3.9.700.20240602-2313\jars\wagon-http-shared-3.5.3.jar
2025-11-07 15:38:14,268 [Worker-43: Launching Executing test in C__Users_Chandu Gurram_eclipse-workspace_BankingTrainingApp] INFO  o.eclipse.m2e.core.internal.Bundles - 	Entry: C:\Users\Chandu Gurram\Downloads\eclipse-jee-2024-06-R-win32-x86_64\eclipse\plugins\org.eclipse.m2e.maven.runtime_3.9.700.20240602-2313\jars\wagon-provider-api-3.5.3.jar
2025-11-07 15:38:14,270 [Worker-43: Launching Executing test in C__Users_Chandu Gurram_eclipse-workspace_BankingTrainingApp] INFO  o.eclipse.m2e.core.internal.Bundles - getClasspathEntries(Bundle=com.google.guava_33.2.0.jre [16])
2025-11-07 15:38:14,272 [Worker-43: Launching Executing test in C__Users_Chandu Gurram_eclipse-workspace_BankingTrainingApp] INFO  o.eclipse.m2e.core.internal.Bundles - 	Entry: C:\Users\Chandu Gurram\Downloads\eclipse-jee-2024-06-R-win32-x86_64\eclipse\plugins\com.google.guava_33.2.0.jre.jar
2025-11-07 15:38:14,272 [Worker-43: Launching Executing test in C__Users_Chandu Gurram_eclipse-workspace_BankingTrainingApp] INFO  o.eclipse.m2e.core.internal.Bundles - getClasspathEntries(Bundle=slf4j.api_2.0.13 [1010])
2025-11-07 15:38:14,273 [Worker-43: Launching Executing test in C__Users_Chandu Gurram_eclipse-workspace_BankingTrainingApp] INFO  o.eclipse.m2e.core.internal.Bundles - 	Entry: C:\Users\Chandu Gurram\Downloads\eclipse-jee-2024-06-R-win32-x86_64\eclipse\plugins\slf4j.api_2.0.13.jar
2025-11-07 15:38:14,273 [Worker-43: Launching Executing test in C__Users_Chandu Gurram_eclipse-workspace_BankingTrainingApp] INFO  o.eclipse.m2e.core.internal.Bundles - getClasspathEntries(Bundle=jakarta.inject.jakarta.inject-api_1.0.5 [33])
2025-11-07 15:38:14,275 [Worker-43: Launching Executing test in C__Users_Chandu Gurram_eclipse-workspace_BankingTrainingApp] INFO  o.eclipse.m2e.core.internal.Bundles - 	Entry: C:\Users\Chandu Gurram\Downloads\eclipse-jee-2024-06-R-win32-x86_64\eclipse\plugins\jakarta.inject.jakarta.inject-api_1.0.5.jar
2025-11-07 15:38:14,275 [Worker-43: Launching Executing test in C__Users_Chandu Gurram_eclipse-workspace_BankingTrainingApp] INFO  o.eclipse.m2e.core.internal.Bundles - getClasspathEntries(Bundle=javax.annotation_1.3.5.v20200909-1856 [44])
2025-11-07 15:38:14,277 [Worker-43: Launching Executing test in C__Users_Chandu Gurram_eclipse-workspace_BankingTrainingApp] INFO  o.eclipse.m2e.core.internal.Bundles - 	Entry: C:\Users\Chandu Gurram\Downloads\eclipse-jee-2024-06-R-win32-x86_64\eclipse\plugins\javax.annotation_1.3.5.v20200909-1856.jar
2025-11-07 15:38:14,277 [Worker-43: Launching Executing test in C__Users_Chandu Gurram_eclipse-workspace_BankingTrainingApp] INFO  o.eclipse.m2e.core.internal.Bundles - getClasspathEntries(Bundle=org.apache.commons.cli_1.8.0 [78])
2025-11-07 15:38:14,278 [Worker-43: Launching Executing test in C__Users_Chandu Gurram_eclipse-workspace_BankingTrainingApp] INFO  o.eclipse.m2e.core.internal.Bundles - 	Entry: C:\Users\Chandu Gurram\Downloads\eclipse-jee-2024-06-R-win32-x86_64\eclipse\plugins\org.apache.commons.cli_1.8.0.jar
2025-11-07 15:38:14,278 [Worker-43: Launching Executing test in C__Users_Chandu Gurram_eclipse-workspace_BankingTrainingApp] INFO  o.eclipse.m2e.core.internal.Bundles - getClasspathEntries(Bundle=org.apache.commons.commons-codec_1.16.0 [81])
2025-11-07 15:38:14,278 [Worker-43: Launching Executing test in C__Users_Chandu Gurram_eclipse-workspace_BankingTrainingApp] INFO  o.eclipse.m2e.core.internal.Bundles - 	Entry: C:\Users\Chandu Gurram\Downloads\eclipse-jee-2024-06-R-win32-x86_64\eclipse\plugins\org.apache.commons.commons-codec_1.16.0.jar
2025-11-07 15:38:14,278 [Worker-43: Launching Executing test in C__Users_Chandu Gurram_eclipse-workspace_BankingTrainingApp] INFO  o.eclipse.m2e.core.internal.Bundles - getClasspathEntries(Bundle=org.apache.commons.lang3_3.14.0 [89])
2025-11-07 15:38:14,280 [Worker-43: Launching Executing test in C__Users_Chandu Gurram_eclipse-workspace_BankingTrainingApp] INFO  o.eclipse.m2e.core.internal.Bundles - 	Entry: C:\Users\Chandu Gurram\Downloads\eclipse-jee-2024-06-R-win32-x86_64\eclipse\plugins\org.apache.commons.lang3_3.14.0.jar
2025-11-07 15:38:14,280 [Worker-43: Launching Executing test in C__Users_Chandu Gurram_eclipse-workspace_BankingTrainingApp] INFO  o.eclipse.m2e.core.internal.Bundles - getClasspathEntries(Bundle=com.google.guava.failureaccess_1.0.2 [17])
2025-11-07 15:38:14,282 [Worker-43: Launching Executing test in C__Users_Chandu Gurram_eclipse-workspace_BankingTrainingApp] INFO  o.eclipse.m2e.core.internal.Bundles - 	Entry: C:\Users\Chandu Gurram\Downloads\eclipse-jee-2024-06-R-win32-x86_64\eclipse\plugins\com.google.guava.failureaccess_1.0.2.jar
2025-11-07 15:38:14,288 [Worker-43: Launching Executing test in C__Users_Chandu Gurram_eclipse-workspace_BankingTrainingApp] INFO  o.e.m.i.launch.MavenLaunchDelegate - Run build in "C:\Users\Chandu Gurram\eclipse-workspace\BankingTrainingApp":
2025-11-07 15:38:14,288 [Worker-43: Launching Executing test in C__Users_Chandu Gurram_eclipse-workspace_BankingTrainingApp] INFO  o.e.m.i.launch.MavenLaunchDelegate -  mvn  -B -Dstyle.color=always test
2025-11-08 10:15:13,927 [Worker-1: Loading available Gradle versions] INFO  o.e.b.c.i.u.g.PublishedGradleVersions - Gradle version information cache is out-of-date. Trying to update.
2025-11-08 12:52:30,193 [Worker-5: Loading available Gradle versions] INFO  o.e.b.c.i.u.g.PublishedGradleVersions - Gradle version information cache is up-to-date. Trying to read.
2025-11-08 15:41:35,360 [Worker-1: Loading available Gradle versions] INFO  o.e.b.c.i.u.g.PublishedGradleVersions - Gradle version information cache is up-to-date. Trying to read.
2025-11-08 15:51:39,647 [Worker-17: Building] WARN  o.a.m.s.f.DefaultMavenResourcesFiltering - Using platform encoding (UTF-8 actually) to copy filtered resources, i.e. build is platform dependent!
2025-11-08 15:51:39,659 [Worker-17: Building] INFO  o.a.m.s.f.DefaultMavenResourcesFiltering - Copying 0 resource from src\main\resources to target\classes
2025-11-08 15:51:39,665 [Worker-17: Building] WARN  o.a.m.s.f.DefaultMavenResourcesFiltering - Using platform encoding (UTF-8 actually) to copy filtered resources, i.e. build is platform dependent!
2025-11-08 15:51:39,666 [Worker-17: Building] INFO  o.a.m.s.f.DefaultMavenResourcesFiltering - Copying 0 resource from src\test\resources to target\test-classes
2025-11-08 17:04:12,741 [Worker-43: Building] WARN  o.a.m.s.f.DefaultMavenResourcesFiltering - Using platform encoding (UTF-8 actually) to copy filtered resources, i.e. build is platform dependent!
2025-11-08 17:04:12,769 [Worker-43: Building] INFO  o.a.m.s.f.DefaultMavenResourcesFiltering - Copying 0 resource from src\main\resources to target\classes
2025-11-08 17:04:12,776 [Worker-43: Building] WARN  o.a.m.s.f.DefaultMavenResourcesFiltering - Using platform encoding (UTF-8 actually) to copy filtered resources, i.e. build is platform dependent!
2025-11-08 17:04:12,779 [Worker-43: Building] INFO  o.a.m.s.f.DefaultMavenResourcesFiltering - Copying 0 resource from src\test\resources to target\test-classes
2025-11-08 17:06:54,795 [Worker-43: Launching PaymentOps] WARN  o.a.m.s.f.DefaultMavenResourcesFiltering - Using platform encoding (UTF-8 actually) to copy filtered resources, i.e. build is platform dependent!
2025-11-08 17:06:54,801 [Worker-43: Launching PaymentOps] INFO  o.a.m.s.f.DefaultMavenResourcesFiltering - Copying 0 resource from src\main\resources to target\classes
2025-11-08 17:06:54,808 [Worker-43: Launching PaymentOps] WARN  o.a.m.s.f.DefaultMavenResourcesFiltering - Using platform encoding (UTF-8 actually) to copy filtered resources, i.e. build is platform dependent!
2025-11-08 17:06:54,811 [Worker-43: Launching PaymentOps] INFO  o.a.m.s.f.DefaultMavenResourcesFiltering - Copying 0 resource from src\test\resources to target\test-classes
2025-11-08 17:16:06,062 [Worker-47: Building] WARN  o.a.m.s.f.DefaultMavenResourcesFiltering - Using platform encoding (UTF-8 actually) to copy filtered resources, i.e. build is platform dependent!
2025-11-08 17:16:06,064 [Worker-47: Building] INFO  o.a.m.s.f.DefaultMavenResourcesFiltering - Copying 0 resource from src\main\resources to target\classes
2025-11-08 17:16:06,068 [Worker-47: Building] WARN  o.a.m.s.f.DefaultMavenResourcesFiltering - Using platform encoding (UTF-8 actually) to copy filtered resources, i.e. build is platform dependent!
2025-11-08 17:16:06,069 [Worker-47: Building] INFO  o.a.m.s.f.DefaultMavenResourcesFiltering - Copying 0 resource from src\test\resources to target\test-classes
2025-11-08 17:18:12,388 [Worker-5: Loading available Gradle versions] INFO  o.e.b.c.i.u.g.PublishedGradleVersions - Gradle version information cache is up-to-date. Trying to read.
2025-11-12 21:20:42,193 [Worker-1: Loading available Gradle versions] INFO  o.e.b.c.i.u.g.PublishedGradleVersions - Gradle version information cache is out-of-date. Trying to update.
2025-11-12 21:25:45,781 [Worker-3: Creating project "LibraryManagementSystem"] INFO  o.e.m.c.i.l.LifecycleMappingFactory - Using org.eclipse.m2e.jdt.JarLifecycleMapping lifecycle mapping for MavenProject: com.app:LibraryManagementSystem:0.0.1-SNAPSHOT @ C:\Users\Chandu Gurram\eclipse-workspace\LibraryManagementSystem\pom.xml.
2025-11-12 21:25:48,087 [Worker-3: Creating project "LibraryManagementSystem"] INFO  o.e.m.j.i.AbstractJavaProjectConfigurator - Adding source folder /LibraryManagementSystem/src/main/java
2025-11-12 21:25:48,097 [Worker-3: Creating project "LibraryManagementSystem"] INFO  o.e.m.j.i.AbstractJavaProjectConfigurator - Adding resource folder /LibraryManagementSystem/src/main/resources
2025-11-12 21:25:48,099 [Worker-3: Creating project "LibraryManagementSystem"] INFO  o.e.m.j.i.AbstractJavaProjectConfigurator - Adding source folder /LibraryManagementSystem/src/test/java
2025-11-12 21:25:48,100 [Worker-3: Creating project "LibraryManagementSystem"] INFO  o.e.m.j.i.AbstractJavaProjectConfigurator - Adding resource folder /LibraryManagementSystem/src/test/resources
2025-11-12 21:25:48,799 [Worker-3: Building] WARN  o.a.m.s.f.DefaultMavenResourcesFiltering - Using platform encoding (UTF-8 actually) to copy filtered resources, i.e. build is platform dependent!
2025-11-12 21:25:48,806 [Worker-3: Building] INFO  o.a.m.s.f.DefaultMavenResourcesFiltering - Copying 0 resource from src\main\resources to target\classes
2025-11-12 21:25:48,810 [Worker-3: Building] WARN  o.a.m.s.f.DefaultMavenResourcesFiltering - Using platform encoding (UTF-8 actually) to copy filtered resources, i.e. build is platform dependent!
2025-11-12 21:25:48,811 [Worker-3: Building] INFO  o.a.m.s.f.DefaultMavenResourcesFiltering - Copying 0 resource from src\test\resources to target\test-classes
